<?xml version="1.0" encoding="UTF-8"?>
<!-- Generated by org.testng.reporters.JUnitXMLReporter -->
<testsuite hostname="LM-SJC-00870810" name="Command line test" tests="7" failures="2" timestamp="16 Apr 2017 17:11:19 GMT" time="63637.79" errors="0">
  <testcase name="@AfterMethod teardown" time="0.0" classname="com.apex.ecommerce.signon.page.amazon.AmazonLoginTest">
    <failure type="org.openqa.selenium.NoSuchWindowException" message="Window not found. The browser window may have been closed.
Command duration or timeout: 69 milliseconds
Build info: version: &amp;apos;2.53.0&amp;apos;, revision: &amp;apos;35ae25b1534ae328c771e0856c93e187490ca824&amp;apos;, time: &amp;apos;2016-03-15 10:43:46&amp;apos;
System info: host: &amp;apos;LM-SJC-00870810&amp;apos;, ip: &amp;apos;192.168.0.3&amp;apos;, os.name: &amp;apos;Mac OS X&amp;apos;, os.arch: &amp;apos;x86_64&amp;apos;, os.version: &amp;apos;10.10.5&amp;apos;, java.version: &amp;apos;1.8.0_31&amp;apos;
Driver info: org.openqa.selenium.firefox.FirefoxDriver
Capabilities [{applicationCacheEnabled=true, rotatable=false, handlesAlerts=true, databaseEnabled=true, version=46.0.1, platform=MAC, nativeEvents=false, acceptSslCerts=true, webStorageEnabled=true, locationContextEnabled=true, browserName=firefox, takesScreenshot=true, javascriptEnabled=true, cssSelectorsEnabled=true}]
Session ID: 1756b3af-815d-aa4d-bc47-5c60c26afe46">
      <![CDATA[org.openqa.selenium.NoSuchWindowException: Window not found. The browser window may have been closed.
Command duration or timeout: 69 milliseconds
Build info: version: '2.53.0', revision: '35ae25b1534ae328c771e0856c93e187490ca824', time: '2016-03-15 10:43:46'
System info: host: 'LM-SJC-00870810', ip: '192.168.0.3', os.name: 'Mac OS X', os.arch: 'x86_64', os.version: '10.10.5', java.version: '1.8.0_31'
Driver info: org.openqa.selenium.firefox.FirefoxDriver
Capabilities [{applicationCacheEnabled=true, rotatable=false, handlesAlerts=true, databaseEnabled=true, version=46.0.1, platform=MAC, nativeEvents=false, acceptSslCerts=true, webStorageEnabled=true, locationContextEnabled=true, browserName=firefox, takesScreenshot=true, javascriptEnabled=true, cssSelectorsEnabled=true}]
Session ID: 1756b3af-815d-aa4d-bc47-5c60c26afe46
	at org.openqa.selenium.remote.ErrorHandler.createThrowable(ErrorHandler.java:206)
	at org.openqa.selenium.remote.ErrorHandler.throwIfResponseFailed(ErrorHandler.java:158)
	at org.openqa.selenium.remote.RemoteWebDriver.execute(RemoteWebDriver.java:678)
	at org.openqa.selenium.remote.RemoteWebDriver.execute(RemoteWebDriver.java:701)
	at org.openqa.selenium.remote.RemoteWebDriver.close(RemoteWebDriver.java:521)
	at com.apex.ecommerce.signon.page.amazon.AmazonBasePage.teardown(AmazonBasePage.java:28)
Caused by: org.openqa.selenium.NoSuchWindowException: Window not found. The browser window may have been closed.
Build info: version: '2.53.0', revision: '35ae25b1534ae328c771e0856c93e187490ca824', time: '2016-03-15 10:43:46'
System info: host: 'LM-SJC-00870810', ip: '192.168.0.3', os.name: 'Mac OS X', os.arch: 'x86_64', os.version: '10.10.5', java.version: '1.8.0_31'
Driver info: driver.version: unknown
	at <anonymous class>.nsCommandProcessor.prototype.execute(file:///var/folders/ws/dd84j1x935x4wlzjh1sfxcrc2zcb_x/T/anonymous7440520193155082355webdriver-profile/extensions/fxdriver@googlecode.com/components/command-processor.js:12719)
	at <anonymous class>.Dispatcher.executeAs/<(file:///var/folders/ws/dd84j1x935x4wlzjh1sfxcrc2zcb_x/T/anonymous7440520193155082355webdriver-profile/extensions/fxdriver@googlecode.com/components/driver-component.js:9558)
	at <anonymous class>.Resource.prototype.handle(file:///var/folders/ws/dd84j1x935x4wlzjh1sfxcrc2zcb_x/T/anonymous7440520193155082355webdriver-profile/extensions/fxdriver@googlecode.com/components/driver-component.js:9705)
	at <anonymous class>.Dispatcher.prototype.dispatch(file:///var/folders/ws/dd84j1x935x4wlzjh1sfxcrc2zcb_x/T/anonymous7440520193155082355webdriver-profile/extensions/fxdriver@googlecode.com/components/driver-component.js:9652)
	at <anonymous class>.WebDriverServer/<.handle(file:///var/folders/ws/dd84j1x935x4wlzjh1sfxcrc2zcb_x/T/anonymous7440520193155082355webdriver-profile/extensions/fxdriver@googlecode.com/components/driver-component.js:12517)
	at <anonymous class>.createHandlerFunc/<(file:///var/folders/ws/dd84j1x935x4wlzjh1sfxcrc2zcb_x/T/anonymous7440520193155082355webdriver-profile/extensions/fxdriver@googlecode.com/components/httpd.js:2054)
	at <anonymous class>.ServerHandler.prototype.handleResponse(file:///var/folders/ws/dd84j1x935x4wlzjh1sfxcrc2zcb_x/T/anonymous7440520193155082355webdriver-profile/extensions/fxdriver@googlecode.com/components/httpd.js:2387)
	at <anonymous class>.Connection.prototype.process(file:///var/folders/ws/dd84j1x935x4wlzjh1sfxcrc2zcb_x/T/anonymous7440520193155082355webdriver-profile/extensions/fxdriver@googlecode.com/components/httpd.js:1223)
	at <anonymous class>.RequestReader.prototype._handleResponse(file:///var/folders/ws/dd84j1x935x4wlzjh1sfxcrc2zcb_x/T/anonymous7440520193155082355webdriver-profile/extensions/fxdriver@googlecode.com/components/httpd.js:1677)
	at <anonymous class>.RequestReader.prototype._processBody(file:///var/folders/ws/dd84j1x935x4wlzjh1sfxcrc2zcb_x/T/anonymous7440520193155082355webdriver-profile/extensions/fxdriver@googlecode.com/components/httpd.js:1525)
	at <anonymous class>.RequestReader.prototype.onInputStreamReady(file:///var/folders/ws/dd84j1x935x4wlzjh1sfxcrc2zcb_x/T/anonymous7440520193155082355webdriver-profile/extensions/fxdriver@googlecode.com/components/httpd.js:1393)
... Removed 40 stack frames]]>
    </failure>
  </testcase> <!-- @AfterMethod teardown -->
  <testcase name="@BeforeMethod seturl" time="0.0" classname="com.apex.ecommerce.signon.page.amazon.AmazonLoginTest">
    <skipped/>
  </testcase> <!-- @BeforeMethod seturl -->
  <testcase name="@AfterMethod teardown" time="0.0" classname="com.apex.ecommerce.signon.page.amazon.AmazonLoginTest">
    <skipped/>
  </testcase> <!-- @AfterMethod teardown -->
  <testcase name="@BeforeMethod setup" time="0.0" classname="com.apex.ecommerce.signon.page.google.GoogleLoginTest">
    <failure type="org.openqa.selenium.WebDriverException" message="Failed to connect to binary FirefoxBinary(/Applications/Firefox.app/Contents/MacOS/firefox-bin) on port 7055; process output follows: 
74-a285-3208198ce6fd}&amp;quot;,&amp;quot;syncGUID&amp;quot;:&amp;quot;9PyW7H0yVprk&amp;quot;,&amp;quot;location&amp;quot;:&amp;quot;app-global&amp;quot;,&amp;quot;version&amp;quot;:&amp;quot;46.0.1&amp;quot;,&amp;quot;type&amp;quot;:&amp;quot;theme&amp;quot;,&amp;quot;internalName&amp;quot;:&amp;quot;classic/1.0&amp;quot;,&amp;quot;updateURL&amp;quot;:null,&amp;quot;updateKey&amp;quot;:null,&amp;quot;optionsURL&amp;quot;:null,&amp;quot;optionsType&amp;quot;:null,&amp;quot;aboutURL&amp;quot;:null,&amp;quot;icons&amp;quot;:{&amp;quot;32&amp;quot;:&amp;quot;icon.png&amp;quot;,&amp;quot;48&amp;quot;:&amp;quot;icon.png&amp;quot;},&amp;quot;iconURL&amp;quot;:null,&amp;quot;icon64URL&amp;quot;:null,&amp;quot;defaultLocale&amp;quot;:{&amp;quot;name&amp;quot;:&amp;quot;Default&amp;quot;,&amp;quot;description&amp;quot;:&amp;quot;The default theme.&amp;quot;,&amp;quot;creator&amp;quot;:&amp;quot;Mozilla&amp;quot;,&amp;quot;homepageURL&amp;quot;:null,&amp;quot;contributors&amp;quot;:[&amp;quot;Mozilla Contributors&amp;quot;]},&amp;quot;visible&amp;quot;:true,&amp;quot;active&amp;quot;:true,&amp;quot;userDisabled&amp;quot;:false,&amp;quot;appDisabled&amp;quot;:false,&amp;quot;descriptor&amp;quot;:&amp;quot;/Applications/Firefox.app/Contents/Resources/browser/extensions/{972ce4c6-7e08-4474-a285-3208198ce6fd}.xpi&amp;quot;,&amp;quot;installDate&amp;quot;:1462240482000,&amp;quot;updateDate&amp;quot;:1462240482000,&amp;quot;applyBackgroundUpdates&amp;quot;:1,&amp;quot;skinnable&amp;quot;:true,&amp;quot;size&amp;quot;:7140,&amp;quot;sourceURI&amp;quot;:null,&amp;quot;releaseNotesURI&amp;quot;:null,&amp;quot;softDisabled&amp;quot;:false,&amp;quot;foreignInstall&amp;quot;:false,&amp;quot;hasBinaryComponents&amp;quot;:false,&amp;quot;strictCompatibility&amp;quot;:true,&amp;quot;locales&amp;quot;:[],&amp;quot;targetApplications&amp;quot;:[{&amp;quot;id&amp;quot;:&amp;quot;{ec8030f7-c20a-464f-9b0e-13a3a9e97384}&amp;quot;,&amp;quot;minVersion&amp;quot;:&amp;quot;46.0.1&amp;quot;,&amp;quot;maxVersion&amp;quot;:&amp;quot;46.0.1&amp;quot;}],&amp;quot;targetPlatforms&amp;quot;:[],&amp;quot;seen&amp;quot;:true}
1492359456921	addons.xpi	DEBUG	getModTime: Recursive scan of {972ce4c6-7e08-4474-a285-3208198ce6fd}
1492359456922	DeferredSave.extensions.json	DEBUG	Save changes
1492359456922	addons.xpi	DEBUG	Updating database with changes to installed add-ons
1492359456922	addons.xpi-utils	DEBUG	Updating add-on states
1492359456923	addons.xpi-utils	DEBUG	Writing add-ons list
1492359456924	addons.xpi	DEBUG	Registering manifest for /Applications/Firefox.app/Contents/Resources/browser/features/e10srollout@mozilla.org.xpi
1492359456924	addons.xpi	DEBUG	Calling bootstrap method startup on e10srollout@mozilla.org version 1.0
1492359456924	addons.xpi	DEBUG	Registering manifest for /Applications/Firefox.app/Contents/Resources/browser/features/firefox@getpocket.com.xpi
1492359456925	addons.xpi	DEBUG	Calling bootstrap method startup on firefox@getpocket.com version 1.0
1492359456926	addons.xpi	DEBUG	Registering manifest for /Applications/Firefox.app/Contents/Resources/browser/features/loop@mozilla.org.xpi
1492359456926	addons.xpi	DEBUG	Calling bootstrap method startup on loop@mozilla.org version 1.2.6
1492359456950	addons.manager	DEBUG	Registering shutdown blocker for XPIProvider
1492359456950	addons.manager	DEBUG	Provider finished startup: XPIProvider
1492359456950	addons.manager	DEBUG	Starting provider: LightweightThemeManager
1492359456950	addons.manager	DEBUG	Registering shutdown blocker for LightweightThemeManager
1492359456950	addons.manager	DEBUG	Provider finished startup: LightweightThemeManager
1492359456951	addons.manager	DEBUG	Starting provider: GMPProvider
1492359456957	addons.manager	DEBUG	Registering shutdown blocker for GMPProvider
1492359456957	addons.manager	DEBUG	Provider finished startup: GMPProvider
1492359456957	addons.manager	DEBUG	Starting provider: PluginProvider
1492359456957	addons.manager	DEBUG	Registering shutdown blocker for PluginProvider
1492359456958	addons.manager	DEBUG	Provider finished startup: PluginProvider
1492359456958	addons.manager	DEBUG	Completed startup sequence
1492359457378	addons.manager	DEBUG	Starting provider: &amp;lt;unnamed-provider&amp;gt;
1492359457378	addons.manager	DEBUG	Registering shutdown blocker for &amp;lt;unnamed-provider&amp;gt;
1492359457378	addons.manager	DEBUG	Provider finished startup: &amp;lt;unnamed-provider&amp;gt;
1492359457382	DeferredSave.extensions.json	DEBUG	Starting write
1492359457532	addons.repository	DEBUG	No addons.json found.
1492359457533	DeferredSave.addons.json	DEBUG	Save changes
1492359457536	DeferredSave.addons.json	DEBUG	Starting timer
1492359457646	addons.manager	DEBUG	Starting provider: PreviousExperimentProvider
1492359457646	addons.manager	DEBUG	Registering shutdown blocker for PreviousExperimentProvider
1492359457646	addons.manager	DEBUG	Provider finished startup: PreviousExperimentProvider
1492359457651	DeferredSave.extensions.json	DEBUG	Write succeeded
1492359457651	addons.xpi-utils	DEBUG	XPI Database saved, setting schema version preference to 17
1492359457652	DeferredSave.addons.json	DEBUG	Starting write
1492359457767	DeferredSave.addons.json	DEBUG	Write succeeded

Build info: version: &amp;apos;2.53.0&amp;apos;, revision: &amp;apos;35ae25b1534ae328c771e0856c93e187490ca824&amp;apos;, time: &amp;apos;2016-03-15 10:43:46&amp;apos;
System info: host: &amp;apos;LM-SJC-00870810&amp;apos;, ip: &amp;apos;192.168.0.3&amp;apos;, os.name: &amp;apos;Mac OS X&amp;apos;, os.arch: &amp;apos;x86_64&amp;apos;, os.version: &amp;apos;10.10.5&amp;apos;, java.version: &amp;apos;1.8.0_31&amp;apos;
Driver info: driver.version: FirefoxDriver">
      <![CDATA[org.openqa.selenium.WebDriverException: Failed to connect to binary FirefoxBinary(/Applications/Firefox.app/Contents/MacOS/firefox-bin) on port 7055; process output follows: 
74-a285-3208198ce6fd}","syncGUID":"9PyW7H0yVprk","location":"app-global","version":"46.0.1","type":"theme","internalName":"classic/1.0","updateURL":null,"updateKey":null,"optionsURL":null,"optionsType":null,"aboutURL":null,"icons":{"32":"icon.png","48":"icon.png"},"iconURL":null,"icon64URL":null,"defaultLocale":{"name":"Default","description":"The default theme.","creator":"Mozilla","homepageURL":null,"contributors":["Mozilla Contributors"]},"visible":true,"active":true,"userDisabled":false,"appDisabled":false,"descriptor":"/Applications/Firefox.app/Contents/Resources/browser/extensions/{972ce4c6-7e08-4474-a285-3208198ce6fd}.xpi","installDate":1462240482000,"updateDate":1462240482000,"applyBackgroundUpdates":1,"skinnable":true,"size":7140,"sourceURI":null,"releaseNotesURI":null,"softDisabled":false,"foreignInstall":false,"hasBinaryComponents":false,"strictCompatibility":true,"locales":[],"targetApplications":[{"id":"{ec8030f7-c20a-464f-9b0e-13a3a9e97384}","minVersion":"46.0.1","maxVersion":"46.0.1"}],"targetPlatforms":[],"seen":true}
1492359456921	addons.xpi	DEBUG	getModTime: Recursive scan of {972ce4c6-7e08-4474-a285-3208198ce6fd}
1492359456922	DeferredSave.extensions.json	DEBUG	Save changes
1492359456922	addons.xpi	DEBUG	Updating database with changes to installed add-ons
1492359456922	addons.xpi-utils	DEBUG	Updating add-on states
1492359456923	addons.xpi-utils	DEBUG	Writing add-ons list
1492359456924	addons.xpi	DEBUG	Registering manifest for /Applications/Firefox.app/Contents/Resources/browser/features/e10srollout@mozilla.org.xpi
1492359456924	addons.xpi	DEBUG	Calling bootstrap method startup on e10srollout@mozilla.org version 1.0
1492359456924	addons.xpi	DEBUG	Registering manifest for /Applications/Firefox.app/Contents/Resources/browser/features/firefox@getpocket.com.xpi
1492359456925	addons.xpi	DEBUG	Calling bootstrap method startup on firefox@getpocket.com version 1.0
1492359456926	addons.xpi	DEBUG	Registering manifest for /Applications/Firefox.app/Contents/Resources/browser/features/loop@mozilla.org.xpi
1492359456926	addons.xpi	DEBUG	Calling bootstrap method startup on loop@mozilla.org version 1.2.6
1492359456950	addons.manager	DEBUG	Registering shutdown blocker for XPIProvider
1492359456950	addons.manager	DEBUG	Provider finished startup: XPIProvider
1492359456950	addons.manager	DEBUG	Starting provider: LightweightThemeManager
1492359456950	addons.manager	DEBUG	Registering shutdown blocker for LightweightThemeManager
1492359456950	addons.manager	DEBUG	Provider finished startup: LightweightThemeManager
1492359456951	addons.manager	DEBUG	Starting provider: GMPProvider
1492359456957	addons.manager	DEBUG	Registering shutdown blocker for GMPProvider
1492359456957	addons.manager	DEBUG	Provider finished startup: GMPProvider
1492359456957	addons.manager	DEBUG	Starting provider: PluginProvider
1492359456957	addons.manager	DEBUG	Registering shutdown blocker for PluginProvider
1492359456958	addons.manager	DEBUG	Provider finished startup: PluginProvider
1492359456958	addons.manager	DEBUG	Completed startup sequence
1492359457378	addons.manager	DEBUG	Starting provider: <unnamed-provider>
1492359457378	addons.manager	DEBUG	Registering shutdown blocker for <unnamed-provider>
1492359457378	addons.manager	DEBUG	Provider finished startup: <unnamed-provider>
1492359457382	DeferredSave.extensions.json	DEBUG	Starting write
1492359457532	addons.repository	DEBUG	No addons.json found.
1492359457533	DeferredSave.addons.json	DEBUG	Save changes
1492359457536	DeferredSave.addons.json	DEBUG	Starting timer
1492359457646	addons.manager	DEBUG	Starting provider: PreviousExperimentProvider
1492359457646	addons.manager	DEBUG	Registering shutdown blocker for PreviousExperimentProvider
1492359457646	addons.manager	DEBUG	Provider finished startup: PreviousExperimentProvider
1492359457651	DeferredSave.extensions.json	DEBUG	Write succeeded
1492359457651	addons.xpi-utils	DEBUG	XPI Database saved, setting schema version preference to 17
1492359457652	DeferredSave.addons.json	DEBUG	Starting write
1492359457767	DeferredSave.addons.json	DEBUG	Write succeeded

Build info: version: '2.53.0', revision: '35ae25b1534ae328c771e0856c93e187490ca824', time: '2016-03-15 10:43:46'
System info: host: 'LM-SJC-00870810', ip: '192.168.0.3', os.name: 'Mac OS X', os.arch: 'x86_64', os.version: '10.10.5', java.version: '1.8.0_31'
Driver info: driver.version: FirefoxDriver
	at org.openqa.selenium.firefox.internal.NewProfileExtensionConnection.start(NewProfileExtensionConnection.java:125)
	at org.openqa.selenium.firefox.FirefoxDriver.startClient(FirefoxDriver.java:271)
	at org.openqa.selenium.remote.RemoteWebDriver.<init>(RemoteWebDriver.java:119)
	at org.openqa.selenium.firefox.FirefoxDriver.<init>(FirefoxDriver.java:216)
	at org.openqa.selenium.firefox.FirefoxDriver.<init>(FirefoxDriver.java:211)
	at org.openqa.selenium.firefox.FirefoxDriver.<init>(FirefoxDriver.java:207)
	at org.openqa.selenium.firefox.FirefoxDriver.<init>(FirefoxDriver.java:120)
	at com.apex.ecommerce.core.ApexbaseTest.setup(ApexbaseTest.java:13)
Caused by: org.openqa.selenium.firefox.NotConnectedException: Unable to connect to host 127.0.0.1 on port 7055 after 45000 ms. Firefox console output:
74-a285-3208198ce6fd}","syncGUID":"9PyW7H0yVprk","location":"app-global","version":"46.0.1","type":"theme","internalName":"classic/1.0","updateURL":null,"updateKey":null,"optionsURL":null,"optionsType":null,"aboutURL":null,"icons":{"32":"icon.png","48":"icon.png"},"iconURL":null,"icon64URL":null,"defaultLocale":{"name":"Default","description":"The default theme.","creator":"Mozilla","homepageURL":null,"contributors":["Mozilla Contributors"]},"visible":true,"active":true,"userDisabled":false,"appDisabled":false,"descriptor":"/Applications/Firefox.app/Contents/Resources/browser/extensions/{972ce4c6-7e08-4474-a285-3208198ce6fd}.xpi","installDate":1462240482000,"updateDate":1462240482000,"applyBackgroundUpdates":1,"skinnable":true,"size":7140,"sourceURI":null,"releaseNotesURI":null,"softDisabled":false,"foreignInstall":false,"hasBinaryComponents":false,"strictCompatibility":true,"locales":[],"targetApplications":[{"id":"{ec8030f7-c20a-464f-9b0e-13a3a9e97384}","minVersion":"46.0.1","maxVersion":"46.0.1"}],"targetPlatforms":[],"seen":true}
1492359456921	addons.xpi	DEBUG	getModTime: Recursive scan of {972ce4c6-7e08-4474-a285-3208198ce6fd}
1492359456922	DeferredSave.extensions.json	DEBUG	Save changes
1492359456922	addons.xpi	DEBUG	Updating database with changes to installed add-ons
1492359456922	addons.xpi-utils	DEBUG	Updating add-on states
1492359456923	addons.xpi-utils	DEBUG	Writing add-ons list
1492359456924	addons.xpi	DEBUG	Registering manifest for /Applications/Firefox.app/Contents/Resources/browser/features/e10srollout@mozilla.org.xpi
1492359456924	addons.xpi	DEBUG	Calling bootstrap method startup on e10srollout@mozilla.org version 1.0
1492359456924	addons.xpi	DEBUG	Registering manifest for /Applications/Firefox.app/Contents/Resources/browser/features/firefox@getpocket.com.xpi
1492359456925	addons.xpi	DEBUG	Calling bootstrap method startup on firefox@getpocket.com version 1.0
1492359456926	addons.xpi	DEBUG	Registering manifest for /Applications/Firefox.app/Contents/Resources/browser/features/loop@mozilla.org.xpi
1492359456926	addons.xpi	DEBUG	Calling bootstrap method startup on loop@mozilla.org version 1.2.6
1492359456950	addons.manager	DEBUG	Registering shutdown blocker for XPIProvider
1492359456950	addons.manager	DEBUG	Provider finished startup: XPIProvider
1492359456950	addons.manager	DEBUG	Starting provider: LightweightThemeManager
1492359456950	addons.manager	DEBUG	Registering shutdown blocker for LightweightThemeManager
1492359456950	addons.manager	DEBUG	Provider finished startup: LightweightThemeManager
1492359456951	addons.manager	DEBUG	Starting provider: GMPProvider
1492359456957	addons.manager	DEBUG	Registering shutdown blocker for GMPProvider
1492359456957	addons.manager	DEBUG	Provider finished startup: GMPProvider
1492359456957	addons.manager	DEBUG	Starting provider: PluginProvider
1492359456957	addons.manager	DEBUG	Registering shutdown blocker for PluginProvider
1492359456958	addons.manager	DEBUG	Provider finished startup: PluginProvider
1492359456958	addons.manager	DEBUG	Completed startup sequence
1492359457378	addons.manager	DEBUG	Starting provider: <unnamed-provider>
1492359457378	addons.manager	DEBUG	Registering shutdown blocker for <unnamed-provider>
1492359457378	addons.manager	DEBUG	Provider finished startup: <unnamed-provider>
1492359457382	DeferredSave.extensions.json	DEBUG	Starting write
1492359457532	addons.repository	DEBUG	No addons.json found.
1492359457533	DeferredSave.addons.json	DEBUG	Save changes
1492359457536	DeferredSave.addons.json	DEBUG	Starting timer
1492359457646	addons.manager	DEBUG	Starting provider: PreviousExperimentProvider
1492359457646	addons.manager	DEBUG	Registering shutdown blocker for PreviousExperimentProvider
1492359457646	addons.manager	DEBUG	Provider finished startup: PreviousExperimentProvider
1492359457651	DeferredSave.extensions.json	DEBUG	Write succeeded
1492359457651	addons.xpi-utils	DEBUG	XPI Database saved, setting schema version preference to 17
1492359457652	DeferredSave.addons.json	DEBUG	Starting write
1492359457767	DeferredSave.addons.json	DEBUG	Write succeeded

	at org.openqa.selenium.firefox.internal.NewProfileExtensionConnection.start(NewProfileExtensionConnection.java:113)
	... 43 more
... Removed 36 stack frames]]>
    </failure>
  </testcase> <!-- @BeforeMethod setup -->
  <testcase name="@AfterMethod close" time="0.0" classname="com.apex.ecommerce.signon.page.google.GoogleLoginTest">
    <skipped/>
  </testcase> <!-- @AfterMethod close -->
  <testcase name="@BeforeMethod setup" time="0.0" classname="com.apex.ecommerce.signon.page.google.GoogleLoginTest">
    <skipped/>
  </testcase> <!-- @BeforeMethod setup -->
  <testcase name="@AfterMethod close" time="0.0" classname="com.apex.ecommerce.signon.page.google.GoogleLoginTest">
    <skipped/>
  </testcase> <!-- @AfterMethod close -->
  <testcase name="@BeforeMethod seturl" time="0.0" classname="com.apex.ecommerce.registration.page.amazon.RegistrationTest">
    <failure type="org.openqa.selenium.ElementNotVisibleException" message="Element is not currently visible and so may not be interacted with
Command duration or timeout: 16 milliseconds
Build info: version: &amp;apos;2.53.0&amp;apos;, revision: &amp;apos;35ae25b1534ae328c771e0856c93e187490ca824&amp;apos;, time: &amp;apos;2016-03-15 10:43:46&amp;apos;
System info: host: &amp;apos;LM-SJC-00870810&amp;apos;, ip: &amp;apos;192.168.0.3&amp;apos;, os.name: &amp;apos;Mac OS X&amp;apos;, os.arch: &amp;apos;x86_64&amp;apos;, os.version: &amp;apos;10.10.5&amp;apos;, java.version: &amp;apos;1.8.0_31&amp;apos;
Driver info: org.openqa.selenium.firefox.FirefoxDriver
Capabilities [{applicationCacheEnabled=true, rotatable=false, handlesAlerts=true, databaseEnabled=true, version=46.0.1, platform=MAC, nativeEvents=false, acceptSslCerts=true, webStorageEnabled=true, locationContextEnabled=true, browserName=firefox, takesScreenshot=true, javascriptEnabled=true, cssSelectorsEnabled=true}]
Session ID: 6ade2e3b-4c9e-a846-8db7-484dd08382c1">
      <![CDATA[org.openqa.selenium.ElementNotVisibleException: Element is not currently visible and so may not be interacted with
Command duration or timeout: 16 milliseconds
Build info: version: '2.53.0', revision: '35ae25b1534ae328c771e0856c93e187490ca824', time: '2016-03-15 10:43:46'
System info: host: 'LM-SJC-00870810', ip: '192.168.0.3', os.name: 'Mac OS X', os.arch: 'x86_64', os.version: '10.10.5', java.version: '1.8.0_31'
Driver info: org.openqa.selenium.firefox.FirefoxDriver
Capabilities [{applicationCacheEnabled=true, rotatable=false, handlesAlerts=true, databaseEnabled=true, version=46.0.1, platform=MAC, nativeEvents=false, acceptSslCerts=true, webStorageEnabled=true, locationContextEnabled=true, browserName=firefox, takesScreenshot=true, javascriptEnabled=true, cssSelectorsEnabled=true}]
Session ID: 6ade2e3b-4c9e-a846-8db7-484dd08382c1
	at org.openqa.selenium.remote.ErrorHandler.createThrowable(ErrorHandler.java:206)
	at org.openqa.selenium.remote.ErrorHandler.throwIfResponseFailed(ErrorHandler.java:158)
	at org.openqa.selenium.remote.RemoteWebDriver.execute(RemoteWebDriver.java:678)
	at org.openqa.selenium.remote.RemoteWebElement.execute(RemoteWebElement.java:327)
	at org.openqa.selenium.remote.RemoteWebElement.click(RemoteWebElement.java:85)
	at com.apex.ecommerce.registration.page.amazon.AmazonRegBaseTest.seturl(AmazonRegBaseTest.java:21)
Caused by: org.openqa.selenium.ElementNotVisibleException: Element is not currently visible and so may not be interacted with
Build info: version: '2.53.0', revision: '35ae25b1534ae328c771e0856c93e187490ca824', time: '2016-03-15 10:43:46'
System info: host: 'LM-SJC-00870810', ip: '192.168.0.3', os.name: 'Mac OS X', os.arch: 'x86_64', os.version: '10.10.5', java.version: '1.8.0_31'
Driver info: driver.version: unknown
	at <anonymous class>.fxdriver.preconditions.visible(file:///var/folders/ws/dd84j1x935x4wlzjh1sfxcrc2zcb_x/T/anonymous6675591519939697359webdriver-profile/extensions/fxdriver@googlecode.com/components/command-processor.js:10092)
	at <anonymous class>.DelayedCommand.prototype.checkPreconditions_(file:///var/folders/ws/dd84j1x935x4wlzjh1sfxcrc2zcb_x/T/anonymous6675591519939697359webdriver-profile/extensions/fxdriver@googlecode.com/components/command-processor.js:12644)
	at <anonymous class>.DelayedCommand.prototype.executeInternal_/h(file:///var/folders/ws/dd84j1x935x4wlzjh1sfxcrc2zcb_x/T/anonymous6675591519939697359webdriver-profile/extensions/fxdriver@googlecode.com/components/command-processor.js:12661)
	at <anonymous class>.DelayedCommand.prototype.executeInternal_(file:///var/folders/ws/dd84j1x935x4wlzjh1sfxcrc2zcb_x/T/anonymous6675591519939697359webdriver-profile/extensions/fxdriver@googlecode.com/components/command-processor.js:12666)
	at <anonymous class>.DelayedCommand.prototype.execute/<(file:///var/folders/ws/dd84j1x935x4wlzjh1sfxcrc2zcb_x/T/anonymous6675591519939697359webdriver-profile/extensions/fxdriver@googlecode.com/components/command-processor.js:12608)
... Removed 40 stack frames]]>
    </failure>
  </testcase> <!-- @BeforeMethod seturl -->
  <testcase name="@AfterMethod teardown" time="0.0" classname="com.apex.ecommerce.registration.page.amazon.RegistrationTest">
    <skipped/>
  </testcase> <!-- @AfterMethod teardown -->
  <testcase name="@BeforeMethod seturl" time="0.0" classname="com.apex.ecommerce.registration.page.amazon.RegistrationTest">
    <skipped/>
  </testcase> <!-- @BeforeMethod seturl -->
  <testcase name="@AfterMethod teardown" time="0.0" classname="com.apex.ecommerce.registration.page.amazon.RegistrationTest">
    <skipped/>
  </testcase> <!-- @AfterMethod teardown -->
  <testcase name="testwithdata" time="1.092" classname="com.apex.ecommerce.signon.page.amazon.AmazonLoginTest">
    <failure type="org.openqa.selenium.NoSuchElementException" message="Unable to locate element: {&amp;quot;method&amp;quot;:&amp;quot;id&amp;quot;,&amp;quot;selector&amp;quot;:&amp;quot;ap_email&amp;quot;}
Command duration or timeout: 1.05 seconds
For documentation on this error, please visit: http://seleniumhq.org/exceptions/no_such_element.html
Build info: version: &amp;apos;2.53.0&amp;apos;, revision: &amp;apos;35ae25b1534ae328c771e0856c93e187490ca824&amp;apos;, time: &amp;apos;2016-03-15 10:43:46&amp;apos;
System info: host: &amp;apos;LM-SJC-00870810&amp;apos;, ip: &amp;apos;192.168.0.3&amp;apos;, os.name: &amp;apos;Mac OS X&amp;apos;, os.arch: &amp;apos;x86_64&amp;apos;, os.version: &amp;apos;10.10.5&amp;apos;, java.version: &amp;apos;1.8.0_31&amp;apos;
Driver info: org.openqa.selenium.firefox.FirefoxDriver
Capabilities [{applicationCacheEnabled=true, rotatable=false, handlesAlerts=true, databaseEnabled=true, version=46.0.1, platform=MAC, nativeEvents=false, acceptSslCerts=true, webStorageEnabled=true, locationContextEnabled=true, browserName=firefox, takesScreenshot=true, javascriptEnabled=true, cssSelectorsEnabled=true}]
Session ID: 76b2eb47-df36-a04b-9eeb-1e91b414049e
*** Element info: {Using=id, value=ap_email}">
      <![CDATA[org.openqa.selenium.NoSuchElementException: Unable to locate element: {"method":"id","selector":"ap_email"}
Command duration or timeout: 1.05 seconds
For documentation on this error, please visit: http://seleniumhq.org/exceptions/no_such_element.html
Build info: version: '2.53.0', revision: '35ae25b1534ae328c771e0856c93e187490ca824', time: '2016-03-15 10:43:46'
System info: host: 'LM-SJC-00870810', ip: '192.168.0.3', os.name: 'Mac OS X', os.arch: 'x86_64', os.version: '10.10.5', java.version: '1.8.0_31'
Driver info: org.openqa.selenium.firefox.FirefoxDriver
Capabilities [{applicationCacheEnabled=true, rotatable=false, handlesAlerts=true, databaseEnabled=true, version=46.0.1, platform=MAC, nativeEvents=false, acceptSslCerts=true, webStorageEnabled=true, locationContextEnabled=true, browserName=firefox, takesScreenshot=true, javascriptEnabled=true, cssSelectorsEnabled=true}]
Session ID: 76b2eb47-df36-a04b-9eeb-1e91b414049e
*** Element info: {Using=id, value=ap_email}
	at org.openqa.selenium.remote.ErrorHandler.createThrowable(ErrorHandler.java:206)
	at org.openqa.selenium.remote.ErrorHandler.throwIfResponseFailed(ErrorHandler.java:158)
	at org.openqa.selenium.remote.RemoteWebDriver.execute(RemoteWebDriver.java:678)
	at org.openqa.selenium.remote.RemoteWebDriver.findElement(RemoteWebDriver.java:363)
	at org.openqa.selenium.remote.RemoteWebDriver.findElementById(RemoteWebDriver.java:413)
	at org.openqa.selenium.By$ById.findElement(By.java:218)
	at org.openqa.selenium.remote.RemoteWebDriver.findElement(RemoteWebDriver.java:355)
	at org.openqa.selenium.support.pagefactory.DefaultElementLocator.findElement(DefaultElementLocator.java:69)
	at org.openqa.selenium.support.pagefactory.internal.LocatingElementHandler.invoke(LocatingElementHandler.java:38)
	at com.sun.proxy.$Proxy6.sendKeys(Unknown Source)
	at com.apex.ecommerce.signon.page.amazon.AmazonLoginPage.dosignon(AmazonLoginPage.java:25)
	at com.apex.ecommerce.signon.page.amazon.AmazonLoginTest.testwithdata(AmazonLoginTest.java:17)
Caused by: org.openqa.selenium.NoSuchElementException: Unable to locate element: {"method":"id","selector":"ap_email"}
For documentation on this error, please visit: http://seleniumhq.org/exceptions/no_such_element.html
Build info: version: '2.53.0', revision: '35ae25b1534ae328c771e0856c93e187490ca824', time: '2016-03-15 10:43:46'
System info: host: 'LM-SJC-00870810', ip: '192.168.0.3', os.name: 'Mac OS X', os.arch: 'x86_64', os.version: '10.10.5', java.version: '1.8.0_31'
Driver info: driver.version: unknown
	at <anonymous class>.FirefoxDriver.prototype.findElementInternal_(file:///var/folders/ws/dd84j1x935x4wlzjh1sfxcrc2zcb_x/T/anonymous8556498284252483027webdriver-profile/extensions/fxdriver@googlecode.com/components/driver-component.js:10770)
	at <anonymous class>.FirefoxDriver.prototype.findElement(file:///var/folders/ws/dd84j1x935x4wlzjh1sfxcrc2zcb_x/T/anonymous8556498284252483027webdriver-profile/extensions/fxdriver@googlecode.com/components/driver-component.js:10779)
	at <anonymous class>.DelayedCommand.prototype.executeInternal_/h(file:///var/folders/ws/dd84j1x935x4wlzjh1sfxcrc2zcb_x/T/anonymous8556498284252483027webdriver-profile/extensions/fxdriver@googlecode.com/components/command-processor.js:12661)
	at <anonymous class>.DelayedCommand.prototype.executeInternal_(file:///var/folders/ws/dd84j1x935x4wlzjh1sfxcrc2zcb_x/T/anonymous8556498284252483027webdriver-profile/extensions/fxdriver@googlecode.com/components/command-processor.js:12666)
	at <anonymous class>.DelayedCommand.prototype.execute/<(file:///var/folders/ws/dd84j1x935x4wlzjh1sfxcrc2zcb_x/T/anonymous8556498284252483027webdriver-profile/extensions/fxdriver@googlecode.com/components/command-processor.js:12608)
... Removed 38 stack frames]]>
    </failure>
  </testcase> <!-- testwithdata -->
  <testcase name="testwithdata" time="60398.316" classname="com.apex.ecommerce.signon.page.amazon.AmazonLoginTest">
    <failure type="org.openqa.selenium.remote.UnreachableBrowserException" message="Error communicating with the remote browser. It may have died.
Build info: version: &amp;apos;2.53.0&amp;apos;, revision: &amp;apos;35ae25b1534ae328c771e0856c93e187490ca824&amp;apos;, time: &amp;apos;2016-03-15 10:43:46&amp;apos;
System info: host: &amp;apos;LM-SJC-00870810&amp;apos;, ip: &amp;apos;192.168.0.3&amp;apos;, os.name: &amp;apos;Mac OS X&amp;apos;, os.arch: &amp;apos;x86_64&amp;apos;, os.version: &amp;apos;10.10.5&amp;apos;, java.version: &amp;apos;1.8.0_31&amp;apos;
Driver info: driver.version: RemoteWebDriver
Capabilities [{applicationCacheEnabled=true, rotatable=false, handlesAlerts=true, databaseEnabled=true, version=46.0.1, platform=MAC, nativeEvents=false, acceptSslCerts=true, webStorageEnabled=true, locationContextEnabled=true, browserName=firefox, takesScreenshot=true, javascriptEnabled=true, cssSelectorsEnabled=true}]
Session ID: 1756b3af-815d-aa4d-bc47-5c60c26afe46">
      <![CDATA[org.openqa.selenium.remote.UnreachableBrowserException: Error communicating with the remote browser. It may have died.
Build info: version: '2.53.0', revision: '35ae25b1534ae328c771e0856c93e187490ca824', time: '2016-03-15 10:43:46'
System info: host: 'LM-SJC-00870810', ip: '192.168.0.3', os.name: 'Mac OS X', os.arch: 'x86_64', os.version: '10.10.5', java.version: '1.8.0_31'
Driver info: driver.version: RemoteWebDriver
Capabilities [{applicationCacheEnabled=true, rotatable=false, handlesAlerts=true, databaseEnabled=true, version=46.0.1, platform=MAC, nativeEvents=false, acceptSslCerts=true, webStorageEnabled=true, locationContextEnabled=true, browserName=firefox, takesScreenshot=true, javascriptEnabled=true, cssSelectorsEnabled=true}]
Session ID: 1756b3af-815d-aa4d-bc47-5c60c26afe46
	at org.openqa.selenium.remote.RemoteWebDriver.execute(RemoteWebDriver.java:665)
	at org.openqa.selenium.remote.RemoteWebDriver.findElement(RemoteWebDriver.java:363)
	at org.openqa.selenium.remote.RemoteWebDriver.findElementById(RemoteWebDriver.java:413)
	at org.openqa.selenium.By$ById.findElement(By.java:218)
	at org.openqa.selenium.remote.RemoteWebDriver.findElement(RemoteWebDriver.java:355)
	at org.openqa.selenium.support.pagefactory.DefaultElementLocator.findElement(DefaultElementLocator.java:69)
	at org.openqa.selenium.support.pagefactory.internal.LocatingElementHandler.invoke(LocatingElementHandler.java:38)
	at com.sun.proxy.$Proxy6.sendKeys(Unknown Source)
	at com.apex.ecommerce.signon.page.amazon.AmazonLoginPage.dosignon(AmazonLoginPage.java:25)
	at com.apex.ecommerce.signon.page.amazon.AmazonLoginTest.testwithdata(AmazonLoginTest.java:17)
Caused by: java.net.SocketTimeoutException: Read timed out
	at java.net.SocketInputStream.socketRead0(Native Method)
	at java.net.SocketInputStream.read(SocketInputStream.java:150)
	at java.net.SocketInputStream.read(SocketInputStream.java:121)
	at org.apache.http.impl.conn.LoggingInputStream.read(LoggingInputStream.java:87)
	at org.apache.http.impl.io.SessionInputBufferImpl.streamRead(SessionInputBufferImpl.java:139)
	at org.apache.http.impl.io.SessionInputBufferImpl.fillBuffer(SessionInputBufferImpl.java:155)
	at org.apache.http.impl.io.SessionInputBufferImpl.readLine(SessionInputBufferImpl.java:284)
	at org.apache.http.impl.conn.DefaultHttpResponseParser.parseHead(DefaultHttpResponseParser.java:140)
	at org.apache.http.impl.conn.DefaultHttpResponseParser.parseHead(DefaultHttpResponseParser.java:57)
	at org.apache.http.impl.io.AbstractMessageParser.parse(AbstractMessageParser.java:261)
	at org.apache.http.impl.DefaultBHttpClientConnection.receiveResponseHeader(DefaultBHttpClientConnection.java:165)
	at org.apache.http.impl.conn.CPoolProxy.receiveResponseHeader(CPoolProxy.java:167)
	at org.apache.http.protocol.HttpRequestExecutor.doReceiveResponse(HttpRequestExecutor.java:272)
	at org.apache.http.protocol.HttpRequestExecutor.execute(HttpRequestExecutor.java:124)
	at org.apache.http.impl.execchain.MainClientExec.execute(MainClientExec.java:271)
	at org.apache.http.impl.execchain.ProtocolExec.execute(ProtocolExec.java:184)
	at org.apache.http.impl.execchain.RetryExec.execute(RetryExec.java:88)
	at org.apache.http.impl.execchain.RedirectExec.execute(RedirectExec.java:110)
	at org.apache.http.impl.client.InternalHttpClient.doExecute(InternalHttpClient.java:184)
	at org.apache.http.impl.client.CloseableHttpClient.execute(CloseableHttpClient.java:71)
	at org.apache.http.impl.client.CloseableHttpClient.execute(CloseableHttpClient.java:55)
	at org.openqa.selenium.remote.internal.ApacheHttpClient.fallBackExecute(ApacheHttpClient.java:144)
	at org.openqa.selenium.remote.internal.ApacheHttpClient.execute(ApacheHttpClient.java:90)
	at org.openqa.selenium.remote.HttpCommandExecutor.execute(HttpCommandExecutor.java:142)
	at org.openqa.selenium.firefox.internal.NewProfileExtensionConnection.execute(NewProfileExtensionConnection.java:160)
	at org.openqa.selenium.firefox.FirefoxDriver$LazyCommandExecutor.execute(FirefoxDriver.java:380)
	at org.openqa.selenium.remote.RemoteWebDriver.execute(RemoteWebDriver.java:644)
	... 43 more
... Removed 34 stack frames]]>
    </failure>
  </testcase> <!-- testwithdata -->
  <testcase name="testwithdata" time="0.0" classname="com.apex.ecommerce.signon.page.amazon.AmazonLoginTest">
    <skipped/>
  </testcase> <!-- testwithdata -->
  <testcase name="testwithsuccessfuldata" time="0.001" classname="com.apex.ecommerce.signon.page.google.GoogleLoginTest">
    <skipped/>
  </testcase> <!-- testwithsuccessfuldata -->
  <testcase name="testwithsuccessfuldata" time="0.0" classname="com.apex.ecommerce.signon.page.google.GoogleLoginTest">
    <skipped/>
  </testcase> <!-- testwithsuccessfuldata -->
  <testcase name="CreateAc" time="0.0" classname="com.apex.ecommerce.registration.page.amazon.RegistrationTest">
    <skipped/>
  </testcase> <!-- CreateAc -->
  <testcase name="CreateAc" time="0.0" classname="com.apex.ecommerce.registration.page.amazon.RegistrationTest">
    <skipped/>
  </testcase> <!-- CreateAc -->
</testsuite> <!-- Command line test -->
