<?xml version="1.0" encoding="UTF-8" ?>
<testsuite tests="18" failures="5" name="TestSuite" time="184,419.634" errors="0" skipped="13">
  <properties>
    <property name="java.runtime.name" value="Java(TM) SE Runtime Environment"/>
    <property name="sun.boot.library.path" value="/Library/Java/JavaVirtualMachines/jdk1.8.0_31.jdk/Contents/Home/jre/lib"/>
    <property name="java.vm.version" value="25.31-b07"/>
    <property name="gopherProxySet" value="false"/>
    <property name="java.vm.vendor" value="Oracle Corporation"/>
    <property name="maven.multiModuleProjectDirectory" value="/Users/kmohan/Apps/workspace-QAclass/ecommerce-POM-test"/>
    <property name="java.vendor.url" value="http://java.oracle.com/"/>
    <property name="path.separator" value=":"/>
    <property name="guice.disable.misplaced.annotation.check" value="true"/>
    <property name="java.vm.name" value="Java HotSpot(TM) 64-Bit Server VM"/>
    <property name="file.encoding.pkg" value="sun.io"/>
    <property name="user.country" value="US"/>
    <property name="sun.java.launcher" value="SUN_STANDARD"/>
    <property name="sun.os.patch.level" value="unknown"/>
    <property name="java.vm.specification.name" value="Java Virtual Machine Specification"/>
    <property name="user.dir" value="/Users/kmohan/Apps/workspace-QAclass/ecommerce-POM-test"/>
    <property name="java.runtime.version" value="1.8.0_31-b13"/>
    <property name="java.awt.graphicsenv" value="sun.awt.CGraphicsEnvironment"/>
    <property name="java.endorsed.dirs" value="/Library/Java/JavaVirtualMachines/jdk1.8.0_31.jdk/Contents/Home/jre/lib/endorsed"/>
    <property name="os.arch" value="x86_64"/>
    <property name="java.io.tmpdir" value="/var/folders/ws/dd84j1x935x4wlzjh1sfxcrc2zcb_x/T/"/>
    <property name="line.separator" value="
"/>
    <property name="java.vm.specification.vendor" value="Oracle Corporation"/>
    <property name="os.name" value="Mac OS X"/>
    <property name="classworlds.conf" value="/Users/kmohan/Apps/workspace-QAclass/.metadata/.plugins/org.eclipse.m2e.launching/launches/m2conf2926901092968050955.tmp"/>
    <property name="sun.jnu.encoding" value="UTF-8"/>
    <property name="java.library.path" value="/Users/kmohan/Library/Java/Extensions:/Library/Java/Extensions:/Network/Library/Java/Extensions:/System/Library/Java/Extensions:/usr/lib/java:."/>
    <property name="java.specification.name" value="Java Platform API Specification"/>
    <property name="java.class.version" value="52.0"/>
    <property name="sun.management.compiler" value="HotSpot 64-Bit Tiered Compilers"/>
    <property name="os.version" value="10.10.5"/>
    <property name="user.home" value="/Users/kmohan"/>
    <property name="user.timezone" value="America/Los_Angeles"/>
    <property name="java.awt.printerjob" value="sun.lwawt.macosx.CPrinterJob"/>
    <property name="java.specification.version" value="1.8"/>
    <property name="file.encoding" value="UTF-8"/>
    <property name="user.name" value="kmohan"/>
    <property name="java.class.path" value="/Users/kmohan/eclipse/java-mars/Eclipse.app/Contents/MacOS/../../../../../.p2/pool/plugins/org.eclipse.m2e.maven.runtime_1.6.2.20150902-0001/jars/plexus-classworlds-2.5.2.jar"/>
    <property name="java.vm.specification.version" value="1.8"/>
    <property name="sun.arch.data.model" value="64"/>
    <property name="java.home" value="/Library/Java/JavaVirtualMachines/jdk1.8.0_31.jdk/Contents/Home/jre"/>
    <property name="sun.java.command" value="org.codehaus.plexus.classworlds.launcher.Launcher -B install"/>
    <property name="java.specification.vendor" value="Oracle Corporation"/>
    <property name="user.language" value="en"/>
    <property name="awt.toolkit" value="sun.lwawt.macosx.LWCToolkit"/>
    <property name="java.vm.info" value="mixed mode"/>
    <property name="java.version" value="1.8.0_31"/>
    <property name="java.ext.dirs" value="/Users/kmohan/Library/Java/Extensions:/Library/Java/JavaVirtualMachines/jdk1.8.0_31.jdk/Contents/Home/jre/lib/ext:/Library/Java/Extensions:/Network/Library/Java/Extensions:/System/Library/Java/Extensions:/usr/lib/java"/>
    <property name="sun.boot.class.path" value="/Library/Java/JavaVirtualMachines/jdk1.8.0_31.jdk/Contents/Home/jre/lib/resources.jar:/Library/Java/JavaVirtualMachines/jdk1.8.0_31.jdk/Contents/Home/jre/lib/rt.jar:/Library/Java/JavaVirtualMachines/jdk1.8.0_31.jdk/Contents/Home/jre/lib/sunrsasign.jar:/Library/Java/JavaVirtualMachines/jdk1.8.0_31.jdk/Contents/Home/jre/lib/jsse.jar:/Library/Java/JavaVirtualMachines/jdk1.8.0_31.jdk/Contents/Home/jre/lib/jce.jar:/Library/Java/JavaVirtualMachines/jdk1.8.0_31.jdk/Contents/Home/jre/lib/charsets.jar:/Library/Java/JavaVirtualMachines/jdk1.8.0_31.jdk/Contents/Home/jre/lib/jfr.jar:/Library/Java/JavaVirtualMachines/jdk1.8.0_31.jdk/Contents/Home/jre/classes"/>
    <property name="java.vendor" value="Oracle Corporation"/>
    <property name="maven.home" value="/Users/kmohan/Apps/workspace-QAclass/ecommerce-POM-test/EMBEDDED"/>
    <property name="file.separator" value="/"/>
    <property name="java.vendor.url.bug" value="http://bugreport.sun.com/bugreport/"/>
    <property name="sun.cpu.endian" value="little"/>
    <property name="sun.io.unicode.encoding" value="UnicodeBig"/>
    <property name="sun.cpu.isalist" value=""/>
  </properties>
  <testcase classname="com.apex.ecommerce.signon.page.amazon.AmazonLoginTest" name="testwithdata" time="1.105">
    <failure message="Unable to locate element: {&quot;method&quot;:&quot;id&quot;,&quot;selector&quot;:&quot;ap_email&quot;}
Command duration or timeout: 1.05 seconds
For documentation on this error, please visit: http://seleniumhq.org/exceptions/no_such_element.html
Build info: version: &apos;2.53.0&apos;, revision: &apos;35ae25b1534ae328c771e0856c93e187490ca824&apos;, time: &apos;2016-03-15 10:43:46&apos;
System info: host: &apos;LM-SJC-00870810&apos;, ip: &apos;192.168.0.3&apos;, os.name: &apos;Mac OS X&apos;, os.arch: &apos;x86_64&apos;, os.version: &apos;10.10.5&apos;, java.version: &apos;1.8.0_31&apos;
Driver info: org.openqa.selenium.firefox.FirefoxDriver
Capabilities [{applicationCacheEnabled=true, rotatable=false, handlesAlerts=true, databaseEnabled=true, version=46.0.1, platform=MAC, nativeEvents=false, acceptSslCerts=true, webStorageEnabled=true, locationContextEnabled=true, browserName=firefox, takesScreenshot=true, javascriptEnabled=true, cssSelectorsEnabled=true}]
Session ID: 76b2eb47-df36-a04b-9eeb-1e91b414049e
*** Element info: {Using=id, value=ap_email}" type="org.openqa.selenium.NoSuchElementException">org.openqa.selenium.NoSuchElementException: Unable to locate element: {&quot;method&quot;:&quot;id&quot;,&quot;selector&quot;:&quot;ap_email&quot;}
Command duration or timeout: 1.05 seconds
For documentation on this error, please visit: http://seleniumhq.org/exceptions/no_such_element.html
Build info: version: &apos;2.53.0&apos;, revision: &apos;35ae25b1534ae328c771e0856c93e187490ca824&apos;, time: &apos;2016-03-15 10:43:46&apos;
System info: host: &apos;LM-SJC-00870810&apos;, ip: &apos;192.168.0.3&apos;, os.name: &apos;Mac OS X&apos;, os.arch: &apos;x86_64&apos;, os.version: &apos;10.10.5&apos;, java.version: &apos;1.8.0_31&apos;
Driver info: org.openqa.selenium.firefox.FirefoxDriver
Capabilities [{applicationCacheEnabled=true, rotatable=false, handlesAlerts=true, databaseEnabled=true, version=46.0.1, platform=MAC, nativeEvents=false, acceptSslCerts=true, webStorageEnabled=true, locationContextEnabled=true, browserName=firefox, takesScreenshot=true, javascriptEnabled=true, cssSelectorsEnabled=true}]
Session ID: 76b2eb47-df36-a04b-9eeb-1e91b414049e
*** Element info: {Using=id, value=ap_email}
	at sun.reflect.NativeConstructorAccessorImpl.newInstance0(Native Method)
	at sun.reflect.NativeConstructorAccessorImpl.newInstance(NativeConstructorAccessorImpl.java:62)
	at sun.reflect.DelegatingConstructorAccessorImpl.newInstance(DelegatingConstructorAccessorImpl.java:45)
	at java.lang.reflect.Constructor.newInstance(Constructor.java:408)
	at org.openqa.selenium.remote.ErrorHandler.createThrowable(ErrorHandler.java:206)
	at org.openqa.selenium.remote.ErrorHandler.throwIfResponseFailed(ErrorHandler.java:158)
	at org.openqa.selenium.remote.RemoteWebDriver.execute(RemoteWebDriver.java:678)
	at org.openqa.selenium.remote.RemoteWebDriver.findElement(RemoteWebDriver.java:363)
	at org.openqa.selenium.remote.RemoteWebDriver.findElementById(RemoteWebDriver.java:413)
	at org.openqa.selenium.By$ById.findElement(By.java:218)
	at org.openqa.selenium.remote.RemoteWebDriver.findElement(RemoteWebDriver.java:355)
	at org.openqa.selenium.support.pagefactory.DefaultElementLocator.findElement(DefaultElementLocator.java:69)
	at org.openqa.selenium.support.pagefactory.internal.LocatingElementHandler.invoke(LocatingElementHandler.java:38)
	at com.sun.proxy.$Proxy6.sendKeys(Unknown Source)
	at com.apex.ecommerce.signon.page.amazon.AmazonLoginPage.dosignon(AmazonLoginPage.java:25)
	at com.apex.ecommerce.signon.page.amazon.AmazonLoginTest.testwithdata(AmazonLoginTest.java:17)
Caused by: org.openqa.selenium.NoSuchElementException: Unable to locate element: {&quot;method&quot;:&quot;id&quot;,&quot;selector&quot;:&quot;ap_email&quot;}
For documentation on this error, please visit: http://seleniumhq.org/exceptions/no_such_element.html
Build info: version: &apos;2.53.0&apos;, revision: &apos;35ae25b1534ae328c771e0856c93e187490ca824&apos;, time: &apos;2016-03-15 10:43:46&apos;
System info: host: &apos;LM-SJC-00870810&apos;, ip: &apos;192.168.0.3&apos;, os.name: &apos;Mac OS X&apos;, os.arch: &apos;x86_64&apos;, os.version: &apos;10.10.5&apos;, java.version: &apos;1.8.0_31&apos;
Driver info: driver.version: unknown
	at &lt;anonymous class&gt;.FirefoxDriver.prototype.findElementInternal_(file:///var/folders/ws/dd84j1x935x4wlzjh1sfxcrc2zcb_x/T/anonymous8556498284252483027webdriver-profile/extensions/fxdriver@googlecode.com/components/driver-component.js:10770)
	at &lt;anonymous class&gt;.FirefoxDriver.prototype.findElement(file:///var/folders/ws/dd84j1x935x4wlzjh1sfxcrc2zcb_x/T/anonymous8556498284252483027webdriver-profile/extensions/fxdriver@googlecode.com/components/driver-component.js:10779)
	at &lt;anonymous class&gt;.DelayedCommand.prototype.executeInternal_/h(file:///var/folders/ws/dd84j1x935x4wlzjh1sfxcrc2zcb_x/T/anonymous8556498284252483027webdriver-profile/extensions/fxdriver@googlecode.com/components/command-processor.js:12661)
	at &lt;anonymous class&gt;.DelayedCommand.prototype.executeInternal_(file:///var/folders/ws/dd84j1x935x4wlzjh1sfxcrc2zcb_x/T/anonymous8556498284252483027webdriver-profile/extensions/fxdriver@googlecode.com/components/command-processor.js:12666)
	at &lt;anonymous class&gt;.DelayedCommand.prototype.execute/&lt;(file:///var/folders/ws/dd84j1x935x4wlzjh1sfxcrc2zcb_x/T/anonymous8556498284252483027webdriver-profile/extensions/fxdriver@googlecode.com/components/command-processor.js:12608)
</failure>
    <system-out>Configuring TestNG with: org.apache.maven.surefire.testng.conf.TestNG652Configurator@6a6824be
</system-out>
    <system-err>log4j:WARN No appenders could be found for logger (org.apache.http.client.protocol.RequestAddCookies).
log4j:WARN Please initialize the log4j system properly.
</system-err>
  </testcase>
  <testcase classname="com.apex.ecommerce.signon.page.amazon.AmazonLoginTest" name="testwithdata" time="60,398.484">
    <failure message="Error communicating with the remote browser. It may have died.
Build info: version: &apos;2.53.0&apos;, revision: &apos;35ae25b1534ae328c771e0856c93e187490ca824&apos;, time: &apos;2016-03-15 10:43:46&apos;
System info: host: &apos;LM-SJC-00870810&apos;, ip: &apos;192.168.0.3&apos;, os.name: &apos;Mac OS X&apos;, os.arch: &apos;x86_64&apos;, os.version: &apos;10.10.5&apos;, java.version: &apos;1.8.0_31&apos;
Driver info: driver.version: RemoteWebDriver
Capabilities [{applicationCacheEnabled=true, rotatable=false, handlesAlerts=true, databaseEnabled=true, version=46.0.1, platform=MAC, nativeEvents=false, acceptSslCerts=true, webStorageEnabled=true, locationContextEnabled=true, browserName=firefox, takesScreenshot=true, javascriptEnabled=true, cssSelectorsEnabled=true}]
Session ID: 1756b3af-815d-aa4d-bc47-5c60c26afe46" type="org.openqa.selenium.remote.UnreachableBrowserException">org.openqa.selenium.remote.UnreachableBrowserException: Error communicating with the remote browser. It may have died.
Build info: version: &apos;2.53.0&apos;, revision: &apos;35ae25b1534ae328c771e0856c93e187490ca824&apos;, time: &apos;2016-03-15 10:43:46&apos;
System info: host: &apos;LM-SJC-00870810&apos;, ip: &apos;192.168.0.3&apos;, os.name: &apos;Mac OS X&apos;, os.arch: &apos;x86_64&apos;, os.version: &apos;10.10.5&apos;, java.version: &apos;1.8.0_31&apos;
Driver info: driver.version: RemoteWebDriver
Capabilities [{applicationCacheEnabled=true, rotatable=false, handlesAlerts=true, databaseEnabled=true, version=46.0.1, platform=MAC, nativeEvents=false, acceptSslCerts=true, webStorageEnabled=true, locationContextEnabled=true, browserName=firefox, takesScreenshot=true, javascriptEnabled=true, cssSelectorsEnabled=true}]
Session ID: 1756b3af-815d-aa4d-bc47-5c60c26afe46
	at org.openqa.selenium.remote.RemoteWebDriver.execute(RemoteWebDriver.java:665)
	at org.openqa.selenium.remote.RemoteWebDriver.findElement(RemoteWebDriver.java:363)
	at org.openqa.selenium.remote.RemoteWebDriver.findElementById(RemoteWebDriver.java:413)
	at org.openqa.selenium.By$ById.findElement(By.java:218)
	at org.openqa.selenium.remote.RemoteWebDriver.findElement(RemoteWebDriver.java:355)
	at org.openqa.selenium.support.pagefactory.DefaultElementLocator.findElement(DefaultElementLocator.java:69)
	at org.openqa.selenium.support.pagefactory.internal.LocatingElementHandler.invoke(LocatingElementHandler.java:38)
	at com.sun.proxy.$Proxy6.sendKeys(Unknown Source)
	at com.apex.ecommerce.signon.page.amazon.AmazonLoginPage.dosignon(AmazonLoginPage.java:25)
	at com.apex.ecommerce.signon.page.amazon.AmazonLoginTest.testwithdata(AmazonLoginTest.java:17)
Caused by: java.net.SocketTimeoutException: Read timed out
	at java.net.SocketInputStream.socketRead0(Native Method)
	at java.net.SocketInputStream.read(SocketInputStream.java:150)
	at java.net.SocketInputStream.read(SocketInputStream.java:121)
	at org.apache.http.impl.conn.LoggingInputStream.read(LoggingInputStream.java:87)
	at org.apache.http.impl.io.SessionInputBufferImpl.streamRead(SessionInputBufferImpl.java:139)
	at org.apache.http.impl.io.SessionInputBufferImpl.fillBuffer(SessionInputBufferImpl.java:155)
	at org.apache.http.impl.io.SessionInputBufferImpl.readLine(SessionInputBufferImpl.java:284)
	at org.apache.http.impl.conn.DefaultHttpResponseParser.parseHead(DefaultHttpResponseParser.java:140)
	at org.apache.http.impl.conn.DefaultHttpResponseParser.parseHead(DefaultHttpResponseParser.java:57)
	at org.apache.http.impl.io.AbstractMessageParser.parse(AbstractMessageParser.java:261)
	at org.apache.http.impl.DefaultBHttpClientConnection.receiveResponseHeader(DefaultBHttpClientConnection.java:165)
	at org.apache.http.impl.conn.CPoolProxy.receiveResponseHeader(CPoolProxy.java:167)
	at org.apache.http.protocol.HttpRequestExecutor.doReceiveResponse(HttpRequestExecutor.java:272)
	at org.apache.http.protocol.HttpRequestExecutor.execute(HttpRequestExecutor.java:124)
	at org.apache.http.impl.execchain.MainClientExec.execute(MainClientExec.java:271)
	at org.apache.http.impl.execchain.ProtocolExec.execute(ProtocolExec.java:184)
	at org.apache.http.impl.execchain.RetryExec.execute(RetryExec.java:88)
	at org.apache.http.impl.execchain.RedirectExec.execute(RedirectExec.java:110)
	at org.apache.http.impl.client.InternalHttpClient.doExecute(InternalHttpClient.java:184)
	at org.apache.http.impl.client.CloseableHttpClient.execute(CloseableHttpClient.java:71)
	at org.apache.http.impl.client.CloseableHttpClient.execute(CloseableHttpClient.java:55)
	at org.openqa.selenium.remote.internal.ApacheHttpClient.fallBackExecute(ApacheHttpClient.java:144)
	at org.openqa.selenium.remote.internal.ApacheHttpClient.execute(ApacheHttpClient.java:90)
	at org.openqa.selenium.remote.HttpCommandExecutor.execute(HttpCommandExecutor.java:142)
	at org.openqa.selenium.firefox.internal.NewProfileExtensionConnection.execute(NewProfileExtensionConnection.java:160)
	at org.openqa.selenium.firefox.FirefoxDriver$LazyCommandExecutor.execute(FirefoxDriver.java:380)
	at org.openqa.selenium.remote.RemoteWebDriver.execute(RemoteWebDriver.java:644)
	... 43 more
</failure>
  </testcase>
  <testcase classname="com.apex.ecommerce.signon.page.amazon.AmazonLoginTest" name="teardown" time="60,398.546">
    <failure message="Window not found. The browser window may have been closed.
Command duration or timeout: 69 milliseconds
Build info: version: &apos;2.53.0&apos;, revision: &apos;35ae25b1534ae328c771e0856c93e187490ca824&apos;, time: &apos;2016-03-15 10:43:46&apos;
System info: host: &apos;LM-SJC-00870810&apos;, ip: &apos;192.168.0.3&apos;, os.name: &apos;Mac OS X&apos;, os.arch: &apos;x86_64&apos;, os.version: &apos;10.10.5&apos;, java.version: &apos;1.8.0_31&apos;
Driver info: org.openqa.selenium.firefox.FirefoxDriver
Capabilities [{applicationCacheEnabled=true, rotatable=false, handlesAlerts=true, databaseEnabled=true, version=46.0.1, platform=MAC, nativeEvents=false, acceptSslCerts=true, webStorageEnabled=true, locationContextEnabled=true, browserName=firefox, takesScreenshot=true, javascriptEnabled=true, cssSelectorsEnabled=true}]
Session ID: 1756b3af-815d-aa4d-bc47-5c60c26afe46" type="org.openqa.selenium.NoSuchWindowException">org.openqa.selenium.NoSuchWindowException: Window not found. The browser window may have been closed.
Command duration or timeout: 69 milliseconds
Build info: version: &apos;2.53.0&apos;, revision: &apos;35ae25b1534ae328c771e0856c93e187490ca824&apos;, time: &apos;2016-03-15 10:43:46&apos;
System info: host: &apos;LM-SJC-00870810&apos;, ip: &apos;192.168.0.3&apos;, os.name: &apos;Mac OS X&apos;, os.arch: &apos;x86_64&apos;, os.version: &apos;10.10.5&apos;, java.version: &apos;1.8.0_31&apos;
Driver info: org.openqa.selenium.firefox.FirefoxDriver
Capabilities [{applicationCacheEnabled=true, rotatable=false, handlesAlerts=true, databaseEnabled=true, version=46.0.1, platform=MAC, nativeEvents=false, acceptSslCerts=true, webStorageEnabled=true, locationContextEnabled=true, browserName=firefox, takesScreenshot=true, javascriptEnabled=true, cssSelectorsEnabled=true}]
Session ID: 1756b3af-815d-aa4d-bc47-5c60c26afe46
	at sun.reflect.NativeConstructorAccessorImpl.newInstance0(Native Method)
	at sun.reflect.NativeConstructorAccessorImpl.newInstance(NativeConstructorAccessorImpl.java:62)
	at sun.reflect.DelegatingConstructorAccessorImpl.newInstance(DelegatingConstructorAccessorImpl.java:45)
	at java.lang.reflect.Constructor.newInstance(Constructor.java:408)
	at org.openqa.selenium.remote.ErrorHandler.createThrowable(ErrorHandler.java:206)
	at org.openqa.selenium.remote.ErrorHandler.throwIfResponseFailed(ErrorHandler.java:158)
	at org.openqa.selenium.remote.RemoteWebDriver.execute(RemoteWebDriver.java:678)
	at org.openqa.selenium.remote.RemoteWebDriver.execute(RemoteWebDriver.java:701)
	at org.openqa.selenium.remote.RemoteWebDriver.close(RemoteWebDriver.java:521)
	at com.apex.ecommerce.signon.page.amazon.AmazonBasePage.teardown(AmazonBasePage.java:28)
	at sun.reflect.NativeMethodAccessorImpl.invoke0(Native Method)
	at sun.reflect.NativeMethodAccessorImpl.invoke(NativeMethodAccessorImpl.java:62)
	at sun.reflect.DelegatingMethodAccessorImpl.invoke(DelegatingMethodAccessorImpl.java:43)
	at java.lang.reflect.Method.invoke(Method.java:483)
	at org.testng.internal.MethodInvocationHelper.invokeMethod(MethodInvocationHelper.java:85)
	at org.testng.internal.Invoker.invokeConfigurationMethod(Invoker.java:510)
	at org.testng.internal.Invoker.invokeConfigurations(Invoker.java:211)
	at org.testng.internal.Invoker.invokeMethod(Invoker.java:703)
	at org.testng.internal.Invoker.invokeTestMethod(Invoker.java:816)
	at org.testng.internal.Invoker.invokeTestMethods(Invoker.java:1124)
	at org.testng.internal.TestMethodWorker.invokeTestMethods(TestMethodWorker.java:125)
	at org.testng.internal.TestMethodWorker.run(TestMethodWorker.java:108)
	at org.testng.TestRunner.privateRun(TestRunner.java:774)
	at org.testng.TestRunner.run(TestRunner.java:624)
	at org.testng.SuiteRunner.runTest(SuiteRunner.java:359)
	at org.testng.SuiteRunner.runSequentially(SuiteRunner.java:354)
	at org.testng.SuiteRunner.privateRun(SuiteRunner.java:312)
	at org.testng.SuiteRunner.run(SuiteRunner.java:261)
	at org.testng.SuiteRunnerWorker.runSuite(SuiteRunnerWorker.java:52)
	at org.testng.SuiteRunnerWorker.run(SuiteRunnerWorker.java:86)
	at org.testng.TestNG.runSuitesSequentially(TestNG.java:1191)
	at org.testng.TestNG.runSuitesLocally(TestNG.java:1116)
	at org.testng.TestNG.run(TestNG.java:1024)
	at org.apache.maven.surefire.testng.TestNGExecutor.run(TestNGExecutor.java:77)
	at org.apache.maven.surefire.testng.TestNGDirectoryTestSuite.executeMulti(TestNGDirectoryTestSuite.java:159)
	at org.apache.maven.surefire.testng.TestNGDirectoryTestSuite.execute(TestNGDirectoryTestSuite.java:99)
	at org.apache.maven.surefire.testng.TestNGProvider.invoke(TestNGProvider.java:106)
	at sun.reflect.NativeMethodAccessorImpl.invoke0(Native Method)
	at sun.reflect.NativeMethodAccessorImpl.invoke(NativeMethodAccessorImpl.java:62)
	at sun.reflect.DelegatingMethodAccessorImpl.invoke(DelegatingMethodAccessorImpl.java:43)
	at java.lang.reflect.Method.invoke(Method.java:483)
	at org.apache.maven.surefire.util.ReflectionUtils.invokeMethodWithArray(ReflectionUtils.java:189)
	at org.apache.maven.surefire.booter.ProviderFactory$ProviderProxy.invoke(ProviderFactory.java:165)
	at org.apache.maven.surefire.booter.ProviderFactory.invokeProvider(ProviderFactory.java:85)
	at org.apache.maven.surefire.booter.ForkedBooter.runSuitesInProcess(ForkedBooter.java:115)
	at org.apache.maven.surefire.booter.ForkedBooter.main(ForkedBooter.java:75)
Caused by: org.openqa.selenium.NoSuchWindowException: Window not found. The browser window may have been closed.
Build info: version: &apos;2.53.0&apos;, revision: &apos;35ae25b1534ae328c771e0856c93e187490ca824&apos;, time: &apos;2016-03-15 10:43:46&apos;
System info: host: &apos;LM-SJC-00870810&apos;, ip: &apos;192.168.0.3&apos;, os.name: &apos;Mac OS X&apos;, os.arch: &apos;x86_64&apos;, os.version: &apos;10.10.5&apos;, java.version: &apos;1.8.0_31&apos;
Driver info: driver.version: unknown
	at &lt;anonymous class&gt;.nsCommandProcessor.prototype.execute(file:///var/folders/ws/dd84j1x935x4wlzjh1sfxcrc2zcb_x/T/anonymous7440520193155082355webdriver-profile/extensions/fxdriver@googlecode.com/components/command-processor.js:12719)
	at &lt;anonymous class&gt;.Dispatcher.executeAs/&lt;(file:///var/folders/ws/dd84j1x935x4wlzjh1sfxcrc2zcb_x/T/anonymous7440520193155082355webdriver-profile/extensions/fxdriver@googlecode.com/components/driver-component.js:9558)
	at &lt;anonymous class&gt;.Resource.prototype.handle(file:///var/folders/ws/dd84j1x935x4wlzjh1sfxcrc2zcb_x/T/anonymous7440520193155082355webdriver-profile/extensions/fxdriver@googlecode.com/components/driver-component.js:9705)
	at &lt;anonymous class&gt;.Dispatcher.prototype.dispatch(file:///var/folders/ws/dd84j1x935x4wlzjh1sfxcrc2zcb_x/T/anonymous7440520193155082355webdriver-profile/extensions/fxdriver@googlecode.com/components/driver-component.js:9652)
	at &lt;anonymous class&gt;.WebDriverServer/&lt;.handle(file:///var/folders/ws/dd84j1x935x4wlzjh1sfxcrc2zcb_x/T/anonymous7440520193155082355webdriver-profile/extensions/fxdriver@googlecode.com/components/driver-component.js:12517)
	at &lt;anonymous class&gt;.createHandlerFunc/&lt;(file:///var/folders/ws/dd84j1x935x4wlzjh1sfxcrc2zcb_x/T/anonymous7440520193155082355webdriver-profile/extensions/fxdriver@googlecode.com/components/httpd.js:2054)
	at &lt;anonymous class&gt;.ServerHandler.prototype.handleResponse(file:///var/folders/ws/dd84j1x935x4wlzjh1sfxcrc2zcb_x/T/anonymous7440520193155082355webdriver-profile/extensions/fxdriver@googlecode.com/components/httpd.js:2387)
	at &lt;anonymous class&gt;.Connection.prototype.process(file:///var/folders/ws/dd84j1x935x4wlzjh1sfxcrc2zcb_x/T/anonymous7440520193155082355webdriver-profile/extensions/fxdriver@googlecode.com/components/httpd.js:1223)
	at &lt;anonymous class&gt;.RequestReader.prototype._handleResponse(file:///var/folders/ws/dd84j1x935x4wlzjh1sfxcrc2zcb_x/T/anonymous7440520193155082355webdriver-profile/extensions/fxdriver@googlecode.com/components/httpd.js:1677)
	at &lt;anonymous class&gt;.RequestReader.prototype._processBody(file:///var/folders/ws/dd84j1x935x4wlzjh1sfxcrc2zcb_x/T/anonymous7440520193155082355webdriver-profile/extensions/fxdriver@googlecode.com/components/httpd.js:1525)
	at &lt;anonymous class&gt;.RequestReader.prototype.onInputStreamReady(file:///var/folders/ws/dd84j1x935x4wlzjh1sfxcrc2zcb_x/T/anonymous7440520193155082355webdriver-profile/extensions/fxdriver@googlecode.com/components/httpd.js:1393)
Caused by: org.openqa.selenium.NoSuchWindowException: Window not found. The browser window may have been closed.
Build info: version: &apos;2.53.0&apos;, revision: &apos;35ae25b1534ae328c771e0856c93e187490ca824&apos;, time: &apos;2016-03-15 10:43:46&apos;
System info: host: &apos;LM-SJC-00870810&apos;, ip: &apos;192.168.0.3&apos;, os.name: &apos;Mac OS X&apos;, os.arch: &apos;x86_64&apos;, os.version: &apos;10.10.5&apos;, java.version: &apos;1.8.0_31&apos;
Driver info: driver.version: unknown
	at &lt;anonymous class&gt;.nsCommandProcessor.prototype.execute(file:///var/folders/ws/dd84j1x935x4wlzjh1sfxcrc2zcb_x/T/anonymous7440520193155082355webdriver-profile/extensions/fxdriver@googlecode.com/components/command-processor.js:12719)
	at &lt;anonymous class&gt;.Dispatcher.executeAs/&lt;(file:///var/folders/ws/dd84j1x935x4wlzjh1sfxcrc2zcb_x/T/anonymous7440520193155082355webdriver-profile/extensions/fxdriver@googlecode.com/components/driver-component.js:9558)
	at &lt;anonymous class&gt;.Resource.prototype.handle(file:///var/folders/ws/dd84j1x935x4wlzjh1sfxcrc2zcb_x/T/anonymous7440520193155082355webdriver-profile/extensions/fxdriver@googlecode.com/components/driver-component.js:9705)
	at &lt;anonymous class&gt;.Dispatcher.prototype.dispatch(file:///var/folders/ws/dd84j1x935x4wlzjh1sfxcrc2zcb_x/T/anonymous7440520193155082355webdriver-profile/extensions/fxdriver@googlecode.com/components/driver-component.js:9652)
	at &lt;anonymous class&gt;.WebDriverServer/&lt;.handle(file:///var/folders/ws/dd84j1x935x4wlzjh1sfxcrc2zcb_x/T/anonymous7440520193155082355webdriver-profile/extensions/fxdriver@googlecode.com/components/driver-component.js:12517)
	at &lt;anonymous class&gt;.createHandlerFunc/&lt;(file:///var/folders/ws/dd84j1x935x4wlzjh1sfxcrc2zcb_x/T/anonymous7440520193155082355webdriver-profile/extensions/fxdriver@googlecode.com/components/httpd.js:2054)
	at &lt;anonymous class&gt;.ServerHandler.prototype.handleResponse(file:///var/folders/ws/dd84j1x935x4wlzjh1sfxcrc2zcb_x/T/anonymous7440520193155082355webdriver-profile/extensions/fxdriver@googlecode.com/components/httpd.js:2387)
	at &lt;anonymous class&gt;.Connection.prototype.process(file:///var/folders/ws/dd84j1x935x4wlzjh1sfxcrc2zcb_x/T/anonymous7440520193155082355webdriver-profile/extensions/fxdriver@googlecode.com/components/httpd.js:1223)
	at &lt;anonymous class&gt;.RequestReader.prototype._handleResponse(file:///var/folders/ws/dd84j1x935x4wlzjh1sfxcrc2zcb_x/T/anonymous7440520193155082355webdriver-profile/extensions/fxdriver@googlecode.com/components/httpd.js:1677)
	at &lt;anonymous class&gt;.RequestReader.prototype._processBody(file:///var/folders/ws/dd84j1x935x4wlzjh1sfxcrc2zcb_x/T/anonymous7440520193155082355webdriver-profile/extensions/fxdriver@googlecode.com/components/httpd.js:1525)
	at &lt;anonymous class&gt;.RequestReader.prototype.onInputStreamReady(file:///var/folders/ws/dd84j1x935x4wlzjh1sfxcrc2zcb_x/T/anonymous7440520193155082355webdriver-profile/extensions/fxdriver@googlecode.com/components/httpd.js:1393)
</failure>
  </testcase>
  <testcase classname="com.apex.ecommerce.signon.page.amazon.AmazonLoginTest" name="seturl" time="60,398.549">
    <skipped/>
  </testcase>
  <testcase classname="com.apex.ecommerce.signon.page.amazon.AmazonLoginTest" name="testwithdata" time="0">
    <skipped/>
  </testcase>
  <testcase classname="com.apex.ecommerce.signon.page.amazon.AmazonLoginTest" name="teardown" time="0">
    <skipped/>
  </testcase>
  <testcase classname="com.apex.ecommerce.signon.page.google.GoogleLoginTest" name="setup" time="3,202.226">
    <failure message="Failed to connect to binary FirefoxBinary(/Applications/Firefox.app/Contents/MacOS/firefox-bin) on port 7055; process output follows: 
74-a285-3208198ce6fd}&quot;,&quot;syncGUID&quot;:&quot;9PyW7H0yVprk&quot;,&quot;location&quot;:&quot;app-global&quot;,&quot;version&quot;:&quot;46.0.1&quot;,&quot;type&quot;:&quot;theme&quot;,&quot;internalName&quot;:&quot;classic/1.0&quot;,&quot;updateURL&quot;:null,&quot;updateKey&quot;:null,&quot;optionsURL&quot;:null,&quot;optionsType&quot;:null,&quot;aboutURL&quot;:null,&quot;icons&quot;:{&quot;32&quot;:&quot;icon.png&quot;,&quot;48&quot;:&quot;icon.png&quot;},&quot;iconURL&quot;:null,&quot;icon64URL&quot;:null,&quot;defaultLocale&quot;:{&quot;name&quot;:&quot;Default&quot;,&quot;description&quot;:&quot;The default theme.&quot;,&quot;creator&quot;:&quot;Mozilla&quot;,&quot;homepageURL&quot;:null,&quot;contributors&quot;:[&quot;Mozilla Contributors&quot;]},&quot;visible&quot;:true,&quot;active&quot;:true,&quot;userDisabled&quot;:false,&quot;appDisabled&quot;:false,&quot;descriptor&quot;:&quot;/Applications/Firefox.app/Contents/Resources/browser/extensions/{972ce4c6-7e08-4474-a285-3208198ce6fd}.xpi&quot;,&quot;installDate&quot;:1462240482000,&quot;updateDate&quot;:1462240482000,&quot;applyBackgroundUpdates&quot;:1,&quot;skinnable&quot;:true,&quot;size&quot;:7140,&quot;sourceURI&quot;:null,&quot;releaseNotesURI&quot;:null,&quot;softDisabled&quot;:false,&quot;foreignInstall&quot;:false,&quot;hasBinaryComponents&quot;:false,&quot;strictCompatibility&quot;:true,&quot;locales&quot;:[],&quot;targetApplications&quot;:[{&quot;id&quot;:&quot;{ec8030f7-c20a-464f-9b0e-13a3a9e97384}&quot;,&quot;minVersion&quot;:&quot;46.0.1&quot;,&quot;maxVersion&quot;:&quot;46.0.1&quot;}],&quot;targetPlatforms&quot;:[],&quot;seen&quot;:true}
1492359456921	addons.xpi	DEBUG	getModTime: Recursive scan of {972ce4c6-7e08-4474-a285-3208198ce6fd}
1492359456922	DeferredSave.extensions.json	DEBUG	Save changes
1492359456922	addons.xpi	DEBUG	Updating database with changes to installed add-ons
1492359456922	addons.xpi-utils	DEBUG	Updating add-on states
1492359456923	addons.xpi-utils	DEBUG	Writing add-ons list
1492359456924	addons.xpi	DEBUG	Registering manifest for /Applications/Firefox.app/Contents/Resources/browser/features/e10srollout@mozilla.org.xpi
1492359456924	addons.xpi	DEBUG	Calling bootstrap method startup on e10srollout@mozilla.org version 1.0
1492359456924	addons.xpi	DEBUG	Registering manifest for /Applications/Firefox.app/Contents/Resources/browser/features/firefox@getpocket.com.xpi
1492359456925	addons.xpi	DEBUG	Calling bootstrap method startup on firefox@getpocket.com version 1.0
1492359456926	addons.xpi	DEBUG	Registering manifest for /Applications/Firefox.app/Contents/Resources/browser/features/loop@mozilla.org.xpi
1492359456926	addons.xpi	DEBUG	Calling bootstrap method startup on loop@mozilla.org version 1.2.6
1492359456950	addons.manager	DEBUG	Registering shutdown blocker for XPIProvider
1492359456950	addons.manager	DEBUG	Provider finished startup: XPIProvider
1492359456950	addons.manager	DEBUG	Starting provider: LightweightThemeManager
1492359456950	addons.manager	DEBUG	Registering shutdown blocker for LightweightThemeManager
1492359456950	addons.manager	DEBUG	Provider finished startup: LightweightThemeManager
1492359456951	addons.manager	DEBUG	Starting provider: GMPProvider
1492359456957	addons.manager	DEBUG	Registering shutdown blocker for GMPProvider
1492359456957	addons.manager	DEBUG	Provider finished startup: GMPProvider
1492359456957	addons.manager	DEBUG	Starting provider: PluginProvider
1492359456957	addons.manager	DEBUG	Registering shutdown blocker for PluginProvider
1492359456958	addons.manager	DEBUG	Provider finished startup: PluginProvider
1492359456958	addons.manager	DEBUG	Completed startup sequence
1492359457378	addons.manager	DEBUG	Starting provider: &lt;unnamed-provider&gt;
1492359457378	addons.manager	DEBUG	Registering shutdown blocker for &lt;unnamed-provider&gt;
1492359457378	addons.manager	DEBUG	Provider finished startup: &lt;unnamed-provider&gt;
1492359457382	DeferredSave.extensions.json	DEBUG	Starting write
1492359457532	addons.repository	DEBUG	No addons.json found.
1492359457533	DeferredSave.addons.json	DEBUG	Save changes
1492359457536	DeferredSave.addons.json	DEBUG	Starting timer
1492359457646	addons.manager	DEBUG	Starting provider: PreviousExperimentProvider
1492359457646	addons.manager	DEBUG	Registering shutdown blocker for PreviousExperimentProvider
1492359457646	addons.manager	DEBUG	Provider finished startup: PreviousExperimentProvider
1492359457651	DeferredSave.extensions.json	DEBUG	Write succeeded
1492359457651	addons.xpi-utils	DEBUG	XPI Database saved, setting schema version preference to 17
1492359457652	DeferredSave.addons.json	DEBUG	Starting write
1492359457767	DeferredSave.addons.json	DEBUG	Write succeeded

Build info: version: &apos;2.53.0&apos;, revision: &apos;35ae25b1534ae328c771e0856c93e187490ca824&apos;, time: &apos;2016-03-15 10:43:46&apos;
System info: host: &apos;LM-SJC-00870810&apos;, ip: &apos;fe80:0:0:0:f883:b3ff:fed2:24ea%9&apos;, os.name: &apos;Mac OS X&apos;, os.arch: &apos;x86_64&apos;, os.version: &apos;10.10.5&apos;, java.version: &apos;1.8.0_31&apos;
Driver info: driver.version: FirefoxDriver" type="org.openqa.selenium.WebDriverException">org.openqa.selenium.WebDriverException: Failed to connect to binary FirefoxBinary(/Applications/Firefox.app/Contents/MacOS/firefox-bin) on port 7055; process output follows: 
74-a285-3208198ce6fd}&quot;,&quot;syncGUID&quot;:&quot;9PyW7H0yVprk&quot;,&quot;location&quot;:&quot;app-global&quot;,&quot;version&quot;:&quot;46.0.1&quot;,&quot;type&quot;:&quot;theme&quot;,&quot;internalName&quot;:&quot;classic/1.0&quot;,&quot;updateURL&quot;:null,&quot;updateKey&quot;:null,&quot;optionsURL&quot;:null,&quot;optionsType&quot;:null,&quot;aboutURL&quot;:null,&quot;icons&quot;:{&quot;32&quot;:&quot;icon.png&quot;,&quot;48&quot;:&quot;icon.png&quot;},&quot;iconURL&quot;:null,&quot;icon64URL&quot;:null,&quot;defaultLocale&quot;:{&quot;name&quot;:&quot;Default&quot;,&quot;description&quot;:&quot;The default theme.&quot;,&quot;creator&quot;:&quot;Mozilla&quot;,&quot;homepageURL&quot;:null,&quot;contributors&quot;:[&quot;Mozilla Contributors&quot;]},&quot;visible&quot;:true,&quot;active&quot;:true,&quot;userDisabled&quot;:false,&quot;appDisabled&quot;:false,&quot;descriptor&quot;:&quot;/Applications/Firefox.app/Contents/Resources/browser/extensions/{972ce4c6-7e08-4474-a285-3208198ce6fd}.xpi&quot;,&quot;installDate&quot;:1462240482000,&quot;updateDate&quot;:1462240482000,&quot;applyBackgroundUpdates&quot;:1,&quot;skinnable&quot;:true,&quot;size&quot;:7140,&quot;sourceURI&quot;:null,&quot;releaseNotesURI&quot;:null,&quot;softDisabled&quot;:false,&quot;foreignInstall&quot;:false,&quot;hasBinaryComponents&quot;:false,&quot;strictCompatibility&quot;:true,&quot;locales&quot;:[],&quot;targetApplications&quot;:[{&quot;id&quot;:&quot;{ec8030f7-c20a-464f-9b0e-13a3a9e97384}&quot;,&quot;minVersion&quot;:&quot;46.0.1&quot;,&quot;maxVersion&quot;:&quot;46.0.1&quot;}],&quot;targetPlatforms&quot;:[],&quot;seen&quot;:true}
1492359456921	addons.xpi	DEBUG	getModTime: Recursive scan of {972ce4c6-7e08-4474-a285-3208198ce6fd}
1492359456922	DeferredSave.extensions.json	DEBUG	Save changes
1492359456922	addons.xpi	DEBUG	Updating database with changes to installed add-ons
1492359456922	addons.xpi-utils	DEBUG	Updating add-on states
1492359456923	addons.xpi-utils	DEBUG	Writing add-ons list
1492359456924	addons.xpi	DEBUG	Registering manifest for /Applications/Firefox.app/Contents/Resources/browser/features/e10srollout@mozilla.org.xpi
1492359456924	addons.xpi	DEBUG	Calling bootstrap method startup on e10srollout@mozilla.org version 1.0
1492359456924	addons.xpi	DEBUG	Registering manifest for /Applications/Firefox.app/Contents/Resources/browser/features/firefox@getpocket.com.xpi
1492359456925	addons.xpi	DEBUG	Calling bootstrap method startup on firefox@getpocket.com version 1.0
1492359456926	addons.xpi	DEBUG	Registering manifest for /Applications/Firefox.app/Contents/Resources/browser/features/loop@mozilla.org.xpi
1492359456926	addons.xpi	DEBUG	Calling bootstrap method startup on loop@mozilla.org version 1.2.6
1492359456950	addons.manager	DEBUG	Registering shutdown blocker for XPIProvider
1492359456950	addons.manager	DEBUG	Provider finished startup: XPIProvider
1492359456950	addons.manager	DEBUG	Starting provider: LightweightThemeManager
1492359456950	addons.manager	DEBUG	Registering shutdown blocker for LightweightThemeManager
1492359456950	addons.manager	DEBUG	Provider finished startup: LightweightThemeManager
1492359456951	addons.manager	DEBUG	Starting provider: GMPProvider
1492359456957	addons.manager	DEBUG	Registering shutdown blocker for GMPProvider
1492359456957	addons.manager	DEBUG	Provider finished startup: GMPProvider
1492359456957	addons.manager	DEBUG	Starting provider: PluginProvider
1492359456957	addons.manager	DEBUG	Registering shutdown blocker for PluginProvider
1492359456958	addons.manager	DEBUG	Provider finished startup: PluginProvider
1492359456958	addons.manager	DEBUG	Completed startup sequence
1492359457378	addons.manager	DEBUG	Starting provider: &lt;unnamed-provider&gt;
1492359457378	addons.manager	DEBUG	Registering shutdown blocker for &lt;unnamed-provider&gt;
1492359457378	addons.manager	DEBUG	Provider finished startup: &lt;unnamed-provider&gt;
1492359457382	DeferredSave.extensions.json	DEBUG	Starting write
1492359457532	addons.repository	DEBUG	No addons.json found.
1492359457533	DeferredSave.addons.json	DEBUG	Save changes
1492359457536	DeferredSave.addons.json	DEBUG	Starting timer
1492359457646	addons.manager	DEBUG	Starting provider: PreviousExperimentProvider
1492359457646	addons.manager	DEBUG	Registering shutdown blocker for PreviousExperimentProvider
1492359457646	addons.manager	DEBUG	Provider finished startup: PreviousExperimentProvider
1492359457651	DeferredSave.extensions.json	DEBUG	Write succeeded
1492359457651	addons.xpi-utils	DEBUG	XPI Database saved, setting schema version preference to 17
1492359457652	DeferredSave.addons.json	DEBUG	Starting write
1492359457767	DeferredSave.addons.json	DEBUG	Write succeeded
Build info: version: &apos;2.53.0&apos;, revision: &apos;35ae25b1534ae328c771e0856c93e187490ca824&apos;, time: &apos;2016-03-15 10:43:46&apos;
System info: host: &apos;LM-SJC-00870810&apos;, ip: &apos;fe80:0:0:0:f883:b3ff:fed2:24ea%9&apos;, os.name: &apos;Mac OS X&apos;, os.arch: &apos;x86_64&apos;, os.version: &apos;10.10.5&apos;, java.version: &apos;1.8.0_31&apos;
Driver info: driver.version: FirefoxDriver
	at org.openqa.selenium.firefox.internal.NewProfileExtensionConnection.start(NewProfileExtensionConnection.java:125)
	at org.openqa.selenium.firefox.FirefoxDriver.startClient(FirefoxDriver.java:271)
	at org.openqa.selenium.remote.RemoteWebDriver.&lt;init&gt;(RemoteWebDriver.java:119)
	at org.openqa.selenium.firefox.FirefoxDriver.&lt;init&gt;(FirefoxDriver.java:216)
	at org.openqa.selenium.firefox.FirefoxDriver.&lt;init&gt;(FirefoxDriver.java:211)
	at org.openqa.selenium.firefox.FirefoxDriver.&lt;init&gt;(FirefoxDriver.java:207)
	at org.openqa.selenium.firefox.FirefoxDriver.&lt;init&gt;(FirefoxDriver.java:120)
	at com.apex.ecommerce.core.ApexbaseTest.setup(ApexbaseTest.java:13)
	at sun.reflect.NativeMethodAccessorImpl.invoke0(Native Method)
	at sun.reflect.NativeMethodAccessorImpl.invoke(NativeMethodAccessorImpl.java:62)
	at sun.reflect.DelegatingMethodAccessorImpl.invoke(DelegatingMethodAccessorImpl.java:43)
	at java.lang.reflect.Method.invoke(Method.java:483)
	at org.testng.internal.MethodInvocationHelper.invokeMethod(MethodInvocationHelper.java:85)
	at org.testng.internal.Invoker.invokeConfigurationMethod(Invoker.java:510)
	at org.testng.internal.Invoker.invokeConfigurations(Invoker.java:211)
	at org.testng.internal.Invoker.invokeMethod(Invoker.java:585)
	at org.testng.internal.Invoker.invokeTestMethod(Invoker.java:816)
	at org.testng.internal.Invoker.invokeTestMethods(Invoker.java:1124)
	at org.testng.internal.TestMethodWorker.invokeTestMethods(TestMethodWorker.java:125)
	at org.testng.internal.TestMethodWorker.run(TestMethodWorker.java:108)
	at org.testng.TestRunner.privateRun(TestRunner.java:774)
	at org.testng.TestRunner.run(TestRunner.java:624)
	at org.testng.SuiteRunner.runTest(SuiteRunner.java:359)
	at org.testng.SuiteRunner.runSequentially(SuiteRunner.java:354)
	at org.testng.SuiteRunner.privateRun(SuiteRunner.java:312)
	at org.testng.SuiteRunner.run(SuiteRunner.java:261)
	at org.testng.SuiteRunnerWorker.runSuite(SuiteRunnerWorker.java:52)
	at org.testng.SuiteRunnerWorker.run(SuiteRunnerWorker.java:86)
	at org.testng.TestNG.runSuitesSequentially(TestNG.java:1191)
	at org.testng.TestNG.runSuitesLocally(TestNG.java:1116)
	at org.testng.TestNG.run(TestNG.java:1024)
	at org.apache.maven.surefire.testng.TestNGExecutor.run(TestNGExecutor.java:77)
	at org.apache.maven.surefire.testng.TestNGDirectoryTestSuite.executeMulti(TestNGDirectoryTestSuite.java:159)
	at org.apache.maven.surefire.testng.TestNGDirectoryTestSuite.execute(TestNGDirectoryTestSuite.java:99)
	at org.apache.maven.surefire.testng.TestNGProvider.invoke(TestNGProvider.java:106)
	at sun.reflect.NativeMethodAccessorImpl.invoke0(Native Method)
	at sun.reflect.NativeMethodAccessorImpl.invoke(NativeMethodAccessorImpl.java:62)
	at sun.reflect.DelegatingMethodAccessorImpl.invoke(DelegatingMethodAccessorImpl.java:43)
	at java.lang.reflect.Method.invoke(Method.java:483)
	at org.apache.maven.surefire.util.ReflectionUtils.invokeMethodWithArray(ReflectionUtils.java:189)
	at org.apache.maven.surefire.booter.ProviderFactory$ProviderProxy.invoke(ProviderFactory.java:165)
	at org.apache.maven.surefire.booter.ProviderFactory.invokeProvider(ProviderFactory.java:85)
	at org.apache.maven.surefire.booter.ForkedBooter.runSuitesInProcess(ForkedBooter.java:115)
	at org.apache.maven.surefire.booter.ForkedBooter.main(ForkedBooter.java:75)
Caused by: org.openqa.selenium.firefox.NotConnectedException: Unable to connect to host 127.0.0.1 on port 7055 after 45000 ms. Firefox console output:
74-a285-3208198ce6fd}&quot;,&quot;syncGUID&quot;:&quot;9PyW7H0yVprk&quot;,&quot;location&quot;:&quot;app-global&quot;,&quot;version&quot;:&quot;46.0.1&quot;,&quot;type&quot;:&quot;theme&quot;,&quot;internalName&quot;:&quot;classic/1.0&quot;,&quot;updateURL&quot;:null,&quot;updateKey&quot;:null,&quot;optionsURL&quot;:null,&quot;optionsType&quot;:null,&quot;aboutURL&quot;:null,&quot;icons&quot;:{&quot;32&quot;:&quot;icon.png&quot;,&quot;48&quot;:&quot;icon.png&quot;},&quot;iconURL&quot;:null,&quot;icon64URL&quot;:null,&quot;defaultLocale&quot;:{&quot;name&quot;:&quot;Default&quot;,&quot;description&quot;:&quot;The default theme.&quot;,&quot;creator&quot;:&quot;Mozilla&quot;,&quot;homepageURL&quot;:null,&quot;contributors&quot;:[&quot;Mozilla Contributors&quot;]},&quot;visible&quot;:true,&quot;active&quot;:true,&quot;userDisabled&quot;:false,&quot;appDisabled&quot;:false,&quot;descriptor&quot;:&quot;/Applications/Firefox.app/Contents/Resources/browser/extensions/{972ce4c6-7e08-4474-a285-3208198ce6fd}.xpi&quot;,&quot;installDate&quot;:1462240482000,&quot;updateDate&quot;:1462240482000,&quot;applyBackgroundUpdates&quot;:1,&quot;skinnable&quot;:true,&quot;size&quot;:7140,&quot;sourceURI&quot;:null,&quot;releaseNotesURI&quot;:null,&quot;softDisabled&quot;:false,&quot;foreignInstall&quot;:false,&quot;hasBinaryComponents&quot;:false,&quot;strictCompatibility&quot;:true,&quot;locales&quot;:[],&quot;targetApplications&quot;:[{&quot;id&quot;:&quot;{ec8030f7-c20a-464f-9b0e-13a3a9e97384}&quot;,&quot;minVersion&quot;:&quot;46.0.1&quot;,&quot;maxVersion&quot;:&quot;46.0.1&quot;}],&quot;targetPlatforms&quot;:[],&quot;seen&quot;:true}
1492359456921	addons.xpi	DEBUG	getModTime: Recursive scan of {972ce4c6-7e08-4474-a285-3208198ce6fd}
1492359456922	DeferredSave.extensions.json	DEBUG	Save changes
1492359456922	addons.xpi	DEBUG	Updating database with changes to installed add-ons
1492359456922	addons.xpi-utils	DEBUG	Updating add-on states
1492359456923	addons.xpi-utils	DEBUG	Writing add-ons list
1492359456924	addons.xpi	DEBUG	Registering manifest for /Applications/Firefox.app/Contents/Resources/browser/features/e10srollout@mozilla.org.xpi
1492359456924	addons.xpi	DEBUG	Calling bootstrap method startup on e10srollout@mozilla.org version 1.0
1492359456924	addons.xpi	DEBUG	Registering manifest for /Applications/Firefox.app/Contents/Resources/browser/features/firefox@getpocket.com.xpi
1492359456925	addons.xpi	DEBUG	Calling bootstrap method startup on firefox@getpocket.com version 1.0
1492359456926	addons.xpi	DEBUG	Registering manifest for /Applications/Firefox.app/Contents/Resources/browser/features/loop@mozilla.org.xpi
1492359456926	addons.xpi	DEBUG	Calling bootstrap method startup on loop@mozilla.org version 1.2.6
1492359456950	addons.manager	DEBUG	Registering shutdown blocker for XPIProvider
1492359456950	addons.manager	DEBUG	Provider finished startup: XPIProvider
1492359456950	addons.manager	DEBUG	Starting provider: LightweightThemeManager
1492359456950	addons.manager	DEBUG	Registering shutdown blocker for LightweightThemeManager
1492359456950	addons.manager	DEBUG	Provider finished startup: LightweightThemeManager
1492359456951	addons.manager	DEBUG	Starting provider: GMPProvider
1492359456957	addons.manager	DEBUG	Registering shutdown blocker for GMPProvider
1492359456957	addons.manager	DEBUG	Provider finished startup: GMPProvider
1492359456957	addons.manager	DEBUG	Starting provider: PluginProvider
1492359456957	addons.manager	DEBUG	Registering shutdown blocker for PluginProvider
1492359456958	addons.manager	DEBUG	Provider finished startup: PluginProvider
1492359456958	addons.manager	DEBUG	Completed startup sequence
1492359457378	addons.manager	DEBUG	Starting provider: &lt;unnamed-provider&gt;
1492359457378	addons.manager	DEBUG	Registering shutdown blocker for &lt;unnamed-provider&gt;
1492359457378	addons.manager	DEBUG	Provider finished startup: &lt;unnamed-provider&gt;
1492359457382	DeferredSave.extensions.json	DEBUG	Starting write
1492359457532	addons.repository	DEBUG	No addons.json found.
1492359457533	DeferredSave.addons.json	DEBUG	Save changes
1492359457536	DeferredSave.addons.json	DEBUG	Starting timer
1492359457646	addons.manager	DEBUG	Starting provider: PreviousExperimentProvider
1492359457646	addons.manager	DEBUG	Registering shutdown blocker for PreviousExperimentProvider
1492359457646	addons.manager	DEBUG	Provider finished startup: PreviousExperimentProvider
1492359457651	DeferredSave.extensions.json	DEBUG	Write succeeded
1492359457651	addons.xpi-utils	DEBUG	XPI Database saved, setting schema version preference to 17
1492359457652	DeferredSave.addons.json	DEBUG	Starting write
1492359457767	DeferredSave.addons.json	DEBUG	Write succeeded
	at org.openqa.selenium.firefox.internal.NewProfileExtensionConnection.start(NewProfileExtensionConnection.java:113)
	... 43 more
Caused by: org.openqa.selenium.firefox.NotConnectedException: Unable to connect to host 127.0.0.1 on port 7055 after 45000 ms. Firefox console output:
74-a285-3208198ce6fd}&quot;,&quot;syncGUID&quot;:&quot;9PyW7H0yVprk&quot;,&quot;location&quot;:&quot;app-global&quot;,&quot;version&quot;:&quot;46.0.1&quot;,&quot;type&quot;:&quot;theme&quot;,&quot;internalName&quot;:&quot;classic/1.0&quot;,&quot;updateURL&quot;:null,&quot;updateKey&quot;:null,&quot;optionsURL&quot;:null,&quot;optionsType&quot;:null,&quot;aboutURL&quot;:null,&quot;icons&quot;:{&quot;32&quot;:&quot;icon.png&quot;,&quot;48&quot;:&quot;icon.png&quot;},&quot;iconURL&quot;:null,&quot;icon64URL&quot;:null,&quot;defaultLocale&quot;:{&quot;name&quot;:&quot;Default&quot;,&quot;description&quot;:&quot;The default theme.&quot;,&quot;creator&quot;:&quot;Mozilla&quot;,&quot;homepageURL&quot;:null,&quot;contributors&quot;:[&quot;Mozilla Contributors&quot;]},&quot;visible&quot;:true,&quot;active&quot;:true,&quot;userDisabled&quot;:false,&quot;appDisabled&quot;:false,&quot;descriptor&quot;:&quot;/Applications/Firefox.app/Contents/Resources/browser/extensions/{972ce4c6-7e08-4474-a285-3208198ce6fd}.xpi&quot;,&quot;installDate&quot;:1462240482000,&quot;updateDate&quot;:1462240482000,&quot;applyBackgroundUpdates&quot;:1,&quot;skinnable&quot;:true,&quot;size&quot;:7140,&quot;sourceURI&quot;:null,&quot;releaseNotesURI&quot;:null,&quot;softDisabled&quot;:false,&quot;foreignInstall&quot;:false,&quot;hasBinaryComponents&quot;:false,&quot;strictCompatibility&quot;:true,&quot;locales&quot;:[],&quot;targetApplications&quot;:[{&quot;id&quot;:&quot;{ec8030f7-c20a-464f-9b0e-13a3a9e97384}&quot;,&quot;minVersion&quot;:&quot;46.0.1&quot;,&quot;maxVersion&quot;:&quot;46.0.1&quot;}],&quot;targetPlatforms&quot;:[],&quot;seen&quot;:true}
1492359456921	addons.xpi	DEBUG	getModTime: Recursive scan of {972ce4c6-7e08-4474-a285-3208198ce6fd}
1492359456922	DeferredSave.extensions.json	DEBUG	Save changes
1492359456922	addons.xpi	DEBUG	Updating database with changes to installed add-ons
1492359456922	addons.xpi-utils	DEBUG	Updating add-on states
1492359456923	addons.xpi-utils	DEBUG	Writing add-ons list
1492359456924	addons.xpi	DEBUG	Registering manifest for /Applications/Firefox.app/Contents/Resources/browser/features/e10srollout@mozilla.org.xpi
1492359456924	addons.xpi	DEBUG	Calling bootstrap method startup on e10srollout@mozilla.org version 1.0
1492359456924	addons.xpi	DEBUG	Registering manifest for /Applications/Firefox.app/Contents/Resources/browser/features/firefox@getpocket.com.xpi
1492359456925	addons.xpi	DEBUG	Calling bootstrap method startup on firefox@getpocket.com version 1.0
1492359456926	addons.xpi	DEBUG	Registering manifest for /Applications/Firefox.app/Contents/Resources/browser/features/loop@mozilla.org.xpi
1492359456926	addons.xpi	DEBUG	Calling bootstrap method startup on loop@mozilla.org version 1.2.6
1492359456950	addons.manager	DEBUG	Registering shutdown blocker for XPIProvider
1492359456950	addons.manager	DEBUG	Provider finished startup: XPIProvider
1492359456950	addons.manager	DEBUG	Starting provider: LightweightThemeManager
1492359456950	addons.manager	DEBUG	Registering shutdown blocker for LightweightThemeManager
1492359456950	addons.manager	DEBUG	Provider finished startup: LightweightThemeManager
1492359456951	addons.manager	DEBUG	Starting provider: GMPProvider
1492359456957	addons.manager	DEBUG	Registering shutdown blocker for GMPProvider
1492359456957	addons.manager	DEBUG	Provider finished startup: GMPProvider
1492359456957	addons.manager	DEBUG	Starting provider: PluginProvider
1492359456957	addons.manager	DEBUG	Registering shutdown blocker for PluginProvider
1492359456958	addons.manager	DEBUG	Provider finished startup: PluginProvider
1492359456958	addons.manager	DEBUG	Completed startup sequence
1492359457378	addons.manager	DEBUG	Starting provider: &lt;unnamed-provider&gt;
1492359457378	addons.manager	DEBUG	Registering shutdown blocker for &lt;unnamed-provider&gt;
1492359457378	addons.manager	DEBUG	Provider finished startup: &lt;unnamed-provider&gt;
1492359457382	DeferredSave.extensions.json	DEBUG	Starting write
1492359457532	addons.repository	DEBUG	No addons.json found.
1492359457533	DeferredSave.addons.json	DEBUG	Save changes
1492359457536	DeferredSave.addons.json	DEBUG	Starting timer
1492359457646	addons.manager	DEBUG	Starting provider: PreviousExperimentProvider
1492359457646	addons.manager	DEBUG	Registering shutdown blocker for PreviousExperimentProvider
1492359457646	addons.manager	DEBUG	Provider finished startup: PreviousExperimentProvider
1492359457651	DeferredSave.extensions.json	DEBUG	Write succeeded
1492359457651	addons.xpi-utils	DEBUG	XPI Database saved, setting schema version preference to 17
1492359457652	DeferredSave.addons.json	DEBUG	Starting write
1492359457767	DeferredSave.addons.json	DEBUG	Write succeeded
	at org.openqa.selenium.firefox.internal.NewProfileExtensionConnection.start(NewProfileExtensionConnection.java:113)
	... 43 more
</failure>
    <system-err>org.openqa.selenium.firefox.NotConnectedException: Unable to connect to host 127.0.0.1 on port 7055 after 45000 ms. Firefox console output:
74-a285-3208198ce6fd}&quot;,&quot;syncGUID&quot;:&quot;9PyW7H0yVprk&quot;,&quot;location&quot;:&quot;app-global&quot;,&quot;version&quot;:&quot;46.0.1&quot;,&quot;type&quot;:&quot;theme&quot;,&quot;internalName&quot;:&quot;classic/1.0&quot;,&quot;updateURL&quot;:null,&quot;updateKey&quot;:null,&quot;optionsURL&quot;:null,&quot;optionsType&quot;:null,&quot;aboutURL&quot;:null,&quot;icons&quot;:{&quot;32&quot;:&quot;icon.png&quot;,&quot;48&quot;:&quot;icon.png&quot;},&quot;iconURL&quot;:null,&quot;icon64URL&quot;:null,&quot;defaultLocale&quot;:{&quot;name&quot;:&quot;Default&quot;,&quot;description&quot;:&quot;The default theme.&quot;,&quot;creator&quot;:&quot;Mozilla&quot;,&quot;homepageURL&quot;:null,&quot;contributors&quot;:[&quot;Mozilla Contributors&quot;]},&quot;visible&quot;:true,&quot;active&quot;:true,&quot;userDisabled&quot;:false,&quot;appDisabled&quot;:false,&quot;descriptor&quot;:&quot;/Applications/Firefox.app/Contents/Resources/browser/extensions/{972ce4c6-7e08-4474-a285-3208198ce6fd}.xpi&quot;,&quot;installDate&quot;:1462240482000,&quot;updateDate&quot;:1462240482000,&quot;applyBackgroundUpdates&quot;:1,&quot;skinnable&quot;:true,&quot;size&quot;:7140,&quot;sourceURI&quot;:null,&quot;releaseNotesURI&quot;:null,&quot;softDisabled&quot;:false,&quot;foreignInstall&quot;:false,&quot;hasBinaryComponents&quot;:false,&quot;strictCompatibility&quot;:true,&quot;locales&quot;:[],&quot;targetApplications&quot;:[{&quot;id&quot;:&quot;{ec8030f7-c20a-464f-9b0e-13a3a9e97384}&quot;,&quot;minVersion&quot;:&quot;46.0.1&quot;,&quot;maxVersion&quot;:&quot;46.0.1&quot;}],&quot;targetPlatforms&quot;:[],&quot;seen&quot;:true}
1492359456921	addons.xpi	DEBUG	getModTime: Recursive scan of {972ce4c6-7e08-4474-a285-3208198ce6fd}
1492359456922	DeferredSave.extensions.json	DEBUG	Save changes
1492359456922	addons.xpi	DEBUG	Updating database with changes to installed add-ons
1492359456922	addons.xpi-utils	DEBUG	Updating add-on states
1492359456923	addons.xpi-utils	DEBUG	Writing add-ons list
1492359456924	addons.xpi	DEBUG	Registering manifest for /Applications/Firefox.app/Contents/Resources/browser/features/e10srollout@mozilla.org.xpi
1492359456924	addons.xpi	DEBUG	Calling bootstrap method startup on e10srollout@mozilla.org version 1.0
1492359456924	addons.xpi	DEBUG	Registering manifest for /Applications/Firefox.app/Contents/Resources/browser/features/firefox@getpocket.com.xpi
1492359456925	addons.xpi	DEBUG	Calling bootstrap method startup on firefox@getpocket.com version 1.0
1492359456926	addons.xpi	DEBUG	Registering manifest for /Applications/Firefox.app/Contents/Resources/browser/features/loop@mozilla.org.xpi
1492359456926	addons.xpi	DEBUG	Calling bootstrap method startup on loop@mozilla.org version 1.2.6
1492359456950	addons.manager	DEBUG	Registering shutdown blocker for XPIProvider
1492359456950	addons.manager	DEBUG	Provider finished startup: XPIProvider
1492359456950	addons.manager	DEBUG	Starting provider: LightweightThemeManager
1492359456950	addons.manager	DEBUG	Registering shutdown blocker for LightweightThemeManager
1492359456950	addons.manager	DEBUG	Provider finished startup: LightweightThemeManager
1492359456951	addons.manager	DEBUG	Starting provider: GMPProvider
1492359456957	addons.manager	DEBUG	Registering shutdown blocker for GMPProvider
1492359456957	addons.manager	DEBUG	Provider finished startup: GMPProvider
1492359456957	addons.manager	DEBUG	Starting provider: PluginProvider
1492359456957	addons.manager	DEBUG	Registering shutdown blocker for PluginProvider
1492359456958	addons.manager	DEBUG	Provider finished startup: PluginProvider
1492359456958	addons.manager	DEBUG	Completed startup sequence
1492359457378	addons.manager	DEBUG	Starting provider: &lt;unnamed-provider&gt;
1492359457378	addons.manager	DEBUG	Registering shutdown blocker for &lt;unnamed-provider&gt;
1492359457378	addons.manager	DEBUG	Provider finished startup: &lt;unnamed-provider&gt;
1492359457382	DeferredSave.extensions.json	DEBUG	Starting write
1492359457532	addons.repository	DEBUG	No addons.json found.
1492359457533	DeferredSave.addons.json	DEBUG	Save changes
1492359457536	DeferredSave.addons.json	DEBUG	Starting timer
1492359457646	addons.manager	DEBUG	Starting provider: PreviousExperimentProvider
1492359457646	addons.manager	DEBUG	Registering shutdown blocker for PreviousExperimentProvider
1492359457646	addons.manager	DEBUG	Provider finished startup: PreviousExperimentProvider
1492359457651	DeferredSave.extensions.json	DEBUG	Write succeeded
1492359457651	addons.xpi-utils	DEBUG	XPI Database saved, setting schema version preference to 17
1492359457652	DeferredSave.addons.json	DEBUG	Starting write
1492359457767	DeferredSave.addons.json	DEBUG	Write succeeded

	at org.openqa.selenium.firefox.internal.NewProfileExtensionConnection.start(NewProfileExtensionConnection.java:113)
	at org.openqa.selenium.firefox.FirefoxDriver.startClient(FirefoxDriver.java:271)
	at org.openqa.selenium.remote.RemoteWebDriver.&lt;init&gt;(RemoteWebDriver.java:119)
	at org.openqa.selenium.firefox.FirefoxDriver.&lt;init&gt;(FirefoxDriver.java:216)
	at org.openqa.selenium.firefox.FirefoxDriver.&lt;init&gt;(FirefoxDriver.java:211)
	at org.openqa.selenium.firefox.FirefoxDriver.&lt;init&gt;(FirefoxDriver.java:207)
	at org.openqa.selenium.firefox.FirefoxDriver.&lt;init&gt;(FirefoxDriver.java:120)
	at com.apex.ecommerce.core.ApexbaseTest.setup(ApexbaseTest.java:13)
	at sun.reflect.NativeMethodAccessorImpl.invoke0(Native Method)
	at sun.reflect.NativeMethodAccessorImpl.invoke(NativeMethodAccessorImpl.java:62)
	at sun.reflect.DelegatingMethodAccessorImpl.invoke(DelegatingMethodAccessorImpl.java:43)
	at java.lang.reflect.Method.invoke(Method.java:483)
	at org.testng.internal.MethodInvocationHelper.invokeMethod(MethodInvocationHelper.java:85)
	at org.testng.internal.Invoker.invokeConfigurationMethod(Invoker.java:510)
	at org.testng.internal.Invoker.invokeConfigurations(Invoker.java:211)
	at org.testng.internal.Invoker.invokeMethod(Invoker.java:585)
	at org.testng.internal.Invoker.invokeTestMethod(Invoker.java:816)
	at org.testng.internal.Invoker.invokeTestMethods(Invoker.java:1124)
	at org.testng.internal.TestMethodWorker.invokeTestMethods(TestMethodWorker.java:125)
	at org.testng.internal.TestMethodWorker.run(TestMethodWorker.java:108)
	at org.testng.TestRunner.privateRun(TestRunner.java:774)
	at org.testng.TestRunner.run(TestRunner.java:624)
	at org.testng.SuiteRunner.runTest(SuiteRunner.java:359)
	at org.testng.SuiteRunner.runSequentially(SuiteRunner.java:354)
	at org.testng.SuiteRunner.privateRun(SuiteRunner.java:312)
	at org.testng.SuiteRunner.run(SuiteRunner.java:261)
	at org.testng.SuiteRunnerWorker.runSuite(SuiteRunnerWorker.java:52)
	at org.testng.SuiteRunnerWorker.run(SuiteRunnerWorker.java:86)
	at org.testng.TestNG.runSuitesSequentially(TestNG.java:1191)
	at org.testng.TestNG.runSuitesLocally(TestNG.java:1116)
	at org.testng.TestNG.run(TestNG.java:1024)
	at org.apache.maven.surefire.testng.TestNGExecutor.run(TestNGExecutor.java:77)
	at org.apache.maven.surefire.testng.TestNGDirectoryTestSuite.executeMulti(TestNGDirectoryTestSuite.java:159)
	at org.apache.maven.surefire.testng.TestNGDirectoryTestSuite.execute(TestNGDirectoryTestSuite.java:99)
	at org.apache.maven.surefire.testng.TestNGProvider.invoke(TestNGProvider.java:106)
	at sun.reflect.NativeMethodAccessorImpl.invoke0(Native Method)
	at sun.reflect.NativeMethodAccessorImpl.invoke(NativeMethodAccessorImpl.java:62)
	at sun.reflect.DelegatingMethodAccessorImpl.invoke(DelegatingMethodAccessorImpl.java:43)
	at java.lang.reflect.Method.invoke(Method.java:483)
	at org.apache.maven.surefire.util.ReflectionUtils.invokeMethodWithArray(ReflectionUtils.java:189)
	at org.apache.maven.surefire.booter.ProviderFactory$ProviderProxy.invoke(ProviderFactory.java:165)
	at org.apache.maven.surefire.booter.ProviderFactory.invokeProvider(ProviderFactory.java:85)
	at org.apache.maven.surefire.booter.ForkedBooter.runSuitesInProcess(ForkedBooter.java:115)
	at org.apache.maven.surefire.booter.ForkedBooter.main(ForkedBooter.java:75)
</system-err>
  </testcase>
  <testcase classname="com.apex.ecommerce.signon.page.google.GoogleLoginTest" name="testwithsuccessfuldata" time="0">
    <skipped/>
  </testcase>
  <testcase classname="com.apex.ecommerce.signon.page.google.GoogleLoginTest" name="close" time="0">
    <skipped/>
  </testcase>
  <testcase classname="com.apex.ecommerce.signon.page.google.GoogleLoginTest" name="setup" time="0">
    <skipped/>
  </testcase>
  <testcase classname="com.apex.ecommerce.signon.page.google.GoogleLoginTest" name="testwithsuccessfuldata" time="0">
    <skipped/>
  </testcase>
  <testcase classname="com.apex.ecommerce.signon.page.google.GoogleLoginTest" name="close" time="0">
    <skipped/>
  </testcase>
  <testcase classname="com.apex.ecommerce.registration.page.amazon.RegistrationTest" name="seturl" time="20.724">
    <failure message="Element is not currently visible and so may not be interacted with
Command duration or timeout: 16 milliseconds
Build info: version: &apos;2.53.0&apos;, revision: &apos;35ae25b1534ae328c771e0856c93e187490ca824&apos;, time: &apos;2016-03-15 10:43:46&apos;
System info: host: &apos;LM-SJC-00870810&apos;, ip: &apos;192.168.0.3&apos;, os.name: &apos;Mac OS X&apos;, os.arch: &apos;x86_64&apos;, os.version: &apos;10.10.5&apos;, java.version: &apos;1.8.0_31&apos;
Driver info: org.openqa.selenium.firefox.FirefoxDriver
Capabilities [{applicationCacheEnabled=true, rotatable=false, handlesAlerts=true, databaseEnabled=true, version=46.0.1, platform=MAC, nativeEvents=false, acceptSslCerts=true, webStorageEnabled=true, locationContextEnabled=true, browserName=firefox, takesScreenshot=true, javascriptEnabled=true, cssSelectorsEnabled=true}]
Session ID: 6ade2e3b-4c9e-a846-8db7-484dd08382c1" type="org.openqa.selenium.ElementNotVisibleException">org.openqa.selenium.ElementNotVisibleException: Element is not currently visible and so may not be interacted with
Command duration or timeout: 16 milliseconds
Build info: version: &apos;2.53.0&apos;, revision: &apos;35ae25b1534ae328c771e0856c93e187490ca824&apos;, time: &apos;2016-03-15 10:43:46&apos;
System info: host: &apos;LM-SJC-00870810&apos;, ip: &apos;192.168.0.3&apos;, os.name: &apos;Mac OS X&apos;, os.arch: &apos;x86_64&apos;, os.version: &apos;10.10.5&apos;, java.version: &apos;1.8.0_31&apos;
Driver info: org.openqa.selenium.firefox.FirefoxDriver
Capabilities [{applicationCacheEnabled=true, rotatable=false, handlesAlerts=true, databaseEnabled=true, version=46.0.1, platform=MAC, nativeEvents=false, acceptSslCerts=true, webStorageEnabled=true, locationContextEnabled=true, browserName=firefox, takesScreenshot=true, javascriptEnabled=true, cssSelectorsEnabled=true}]
Session ID: 6ade2e3b-4c9e-a846-8db7-484dd08382c1
	at sun.reflect.NativeConstructorAccessorImpl.newInstance0(Native Method)
	at sun.reflect.NativeConstructorAccessorImpl.newInstance(NativeConstructorAccessorImpl.java:62)
	at sun.reflect.DelegatingConstructorAccessorImpl.newInstance(DelegatingConstructorAccessorImpl.java:45)
	at java.lang.reflect.Constructor.newInstance(Constructor.java:408)
	at org.openqa.selenium.remote.ErrorHandler.createThrowable(ErrorHandler.java:206)
	at org.openqa.selenium.remote.ErrorHandler.throwIfResponseFailed(ErrorHandler.java:158)
	at org.openqa.selenium.remote.RemoteWebDriver.execute(RemoteWebDriver.java:678)
	at org.openqa.selenium.remote.RemoteWebElement.execute(RemoteWebElement.java:327)
	at org.openqa.selenium.remote.RemoteWebElement.click(RemoteWebElement.java:85)
	at com.apex.ecommerce.registration.page.amazon.AmazonRegBaseTest.seturl(AmazonRegBaseTest.java:21)
	at sun.reflect.NativeMethodAccessorImpl.invoke0(Native Method)
	at sun.reflect.NativeMethodAccessorImpl.invoke(NativeMethodAccessorImpl.java:62)
	at sun.reflect.DelegatingMethodAccessorImpl.invoke(DelegatingMethodAccessorImpl.java:43)
	at java.lang.reflect.Method.invoke(Method.java:483)
	at org.testng.internal.MethodInvocationHelper.invokeMethod(MethodInvocationHelper.java:85)
	at org.testng.internal.Invoker.invokeConfigurationMethod(Invoker.java:510)
	at org.testng.internal.Invoker.invokeConfigurations(Invoker.java:211)
	at org.testng.internal.Invoker.invokeMethod(Invoker.java:585)
	at org.testng.internal.Invoker.invokeTestMethod(Invoker.java:816)
	at org.testng.internal.Invoker.invokeTestMethods(Invoker.java:1124)
	at org.testng.internal.TestMethodWorker.invokeTestMethods(TestMethodWorker.java:125)
	at org.testng.internal.TestMethodWorker.run(TestMethodWorker.java:108)
	at org.testng.TestRunner.privateRun(TestRunner.java:774)
	at org.testng.TestRunner.run(TestRunner.java:624)
	at org.testng.SuiteRunner.runTest(SuiteRunner.java:359)
	at org.testng.SuiteRunner.runSequentially(SuiteRunner.java:354)
	at org.testng.SuiteRunner.privateRun(SuiteRunner.java:312)
	at org.testng.SuiteRunner.run(SuiteRunner.java:261)
	at org.testng.SuiteRunnerWorker.runSuite(SuiteRunnerWorker.java:52)
	at org.testng.SuiteRunnerWorker.run(SuiteRunnerWorker.java:86)
	at org.testng.TestNG.runSuitesSequentially(TestNG.java:1191)
	at org.testng.TestNG.runSuitesLocally(TestNG.java:1116)
	at org.testng.TestNG.run(TestNG.java:1024)
	at org.apache.maven.surefire.testng.TestNGExecutor.run(TestNGExecutor.java:77)
	at org.apache.maven.surefire.testng.TestNGDirectoryTestSuite.executeMulti(TestNGDirectoryTestSuite.java:159)
	at org.apache.maven.surefire.testng.TestNGDirectoryTestSuite.execute(TestNGDirectoryTestSuite.java:99)
	at org.apache.maven.surefire.testng.TestNGProvider.invoke(TestNGProvider.java:106)
	at sun.reflect.NativeMethodAccessorImpl.invoke0(Native Method)
	at sun.reflect.NativeMethodAccessorImpl.invoke(NativeMethodAccessorImpl.java:62)
	at sun.reflect.DelegatingMethodAccessorImpl.invoke(DelegatingMethodAccessorImpl.java:43)
	at java.lang.reflect.Method.invoke(Method.java:483)
	at org.apache.maven.surefire.util.ReflectionUtils.invokeMethodWithArray(ReflectionUtils.java:189)
	at org.apache.maven.surefire.booter.ProviderFactory$ProviderProxy.invoke(ProviderFactory.java:165)
	at org.apache.maven.surefire.booter.ProviderFactory.invokeProvider(ProviderFactory.java:85)
	at org.apache.maven.surefire.booter.ForkedBooter.runSuitesInProcess(ForkedBooter.java:115)
	at org.apache.maven.surefire.booter.ForkedBooter.main(ForkedBooter.java:75)
Caused by: org.openqa.selenium.ElementNotVisibleException: Element is not currently visible and so may not be interacted with
Build info: version: &apos;2.53.0&apos;, revision: &apos;35ae25b1534ae328c771e0856c93e187490ca824&apos;, time: &apos;2016-03-15 10:43:46&apos;
System info: host: &apos;LM-SJC-00870810&apos;, ip: &apos;192.168.0.3&apos;, os.name: &apos;Mac OS X&apos;, os.arch: &apos;x86_64&apos;, os.version: &apos;10.10.5&apos;, java.version: &apos;1.8.0_31&apos;
Driver info: driver.version: unknown
	at &lt;anonymous class&gt;.fxdriver.preconditions.visible(file:///var/folders/ws/dd84j1x935x4wlzjh1sfxcrc2zcb_x/T/anonymous6675591519939697359webdriver-profile/extensions/fxdriver@googlecode.com/components/command-processor.js:10092)
	at &lt;anonymous class&gt;.DelayedCommand.prototype.checkPreconditions_(file:///var/folders/ws/dd84j1x935x4wlzjh1sfxcrc2zcb_x/T/anonymous6675591519939697359webdriver-profile/extensions/fxdriver@googlecode.com/components/command-processor.js:12644)
	at &lt;anonymous class&gt;.DelayedCommand.prototype.executeInternal_/h(file:///var/folders/ws/dd84j1x935x4wlzjh1sfxcrc2zcb_x/T/anonymous6675591519939697359webdriver-profile/extensions/fxdriver@googlecode.com/components/command-processor.js:12661)
	at &lt;anonymous class&gt;.DelayedCommand.prototype.executeInternal_(file:///var/folders/ws/dd84j1x935x4wlzjh1sfxcrc2zcb_x/T/anonymous6675591519939697359webdriver-profile/extensions/fxdriver@googlecode.com/components/command-processor.js:12666)
	at &lt;anonymous class&gt;.DelayedCommand.prototype.execute/&lt;(file:///var/folders/ws/dd84j1x935x4wlzjh1sfxcrc2zcb_x/T/anonymous6675591519939697359webdriver-profile/extensions/fxdriver@googlecode.com/components/command-processor.js:12608)
Caused by: org.openqa.selenium.ElementNotVisibleException: Element is not currently visible and so may not be interacted with
Build info: version: &apos;2.53.0&apos;, revision: &apos;35ae25b1534ae328c771e0856c93e187490ca824&apos;, time: &apos;2016-03-15 10:43:46&apos;
System info: host: &apos;LM-SJC-00870810&apos;, ip: &apos;192.168.0.3&apos;, os.name: &apos;Mac OS X&apos;, os.arch: &apos;x86_64&apos;, os.version: &apos;10.10.5&apos;, java.version: &apos;1.8.0_31&apos;
Driver info: driver.version: unknown
	at &lt;anonymous class&gt;.fxdriver.preconditions.visible(file:///var/folders/ws/dd84j1x935x4wlzjh1sfxcrc2zcb_x/T/anonymous6675591519939697359webdriver-profile/extensions/fxdriver@googlecode.com/components/command-processor.js:10092)
	at &lt;anonymous class&gt;.DelayedCommand.prototype.checkPreconditions_(file:///var/folders/ws/dd84j1x935x4wlzjh1sfxcrc2zcb_x/T/anonymous6675591519939697359webdriver-profile/extensions/fxdriver@googlecode.com/components/command-processor.js:12644)
	at &lt;anonymous class&gt;.DelayedCommand.prototype.executeInternal_/h(file:///var/folders/ws/dd84j1x935x4wlzjh1sfxcrc2zcb_x/T/anonymous6675591519939697359webdriver-profile/extensions/fxdriver@googlecode.com/components/command-processor.js:12661)
	at &lt;anonymous class&gt;.DelayedCommand.prototype.executeInternal_(file:///var/folders/ws/dd84j1x935x4wlzjh1sfxcrc2zcb_x/T/anonymous6675591519939697359webdriver-profile/extensions/fxdriver@googlecode.com/components/command-processor.js:12666)
	at &lt;anonymous class&gt;.DelayedCommand.prototype.execute/&lt;(file:///var/folders/ws/dd84j1x935x4wlzjh1sfxcrc2zcb_x/T/anonymous6675591519939697359webdriver-profile/extensions/fxdriver@googlecode.com/components/command-processor.js:12608)
</failure>
  </testcase>
  <testcase classname="com.apex.ecommerce.registration.page.amazon.RegistrationTest" name="CreateAc" time="0">
    <skipped/>
  </testcase>
  <testcase classname="com.apex.ecommerce.registration.page.amazon.RegistrationTest" name="teardown" time="0">
    <skipped/>
  </testcase>
  <testcase classname="com.apex.ecommerce.registration.page.amazon.RegistrationTest" name="seturl" time="0">
    <skipped/>
  </testcase>
  <testcase classname="com.apex.ecommerce.registration.page.amazon.RegistrationTest" name="CreateAc" time="0">
    <skipped/>
  </testcase>
  <testcase classname="com.apex.ecommerce.registration.page.amazon.RegistrationTest" name="teardown" time="0">
    <skipped/>
  </testcase>
</testsuite>